2025-10-20 04:05:08,518 | INFO | Initialized experiment directories for TerraIncognita
2025-10-20 04:05:08,518 | INFO | Logs: c:\Users\Fatim_Sproj\Desktop\Fatim\Spring 2025\sproj\Visual-Reasoning\Vit-GRQO\vit-tiny\TerraIncognita\logs
2025-10-20 04:05:08,518 | INFO | Checkpoints: c:\Users\Fatim_Sproj\Desktop\Fatim\Spring 2025\sproj\Visual-Reasoning\Vit-GRQO\vit-tiny\TerraIncognita\checkpoints
2025-10-20 04:05:08,518 | INFO | Plots: c:\Users\Fatim_Sproj\Desktop\Fatim\Spring 2025\sproj\Visual-Reasoning\Vit-GRQO\vit-tiny\TerraIncognita\plots
2025-10-20 04:05:10,149 | INFO | === LODO: Leaving out domain 'location_38' ===
2025-10-20 04:08:10,547 | INFO | [location_38] Epoch 1/5 | Train - Loss: 1.2368, Cls: 1.2291, GRQO: 0.0077, Acc: 0.5571 | Val - Loss: 2.7534, Cls: 2.7525, GRQO: 0.0009, Acc: 0.1734
2025-10-20 04:08:10,597 | INFO | [location_38] New best val acc: 0.1734
2025-10-20 04:10:43,238 | INFO | [location_38] Epoch 2/5 | Train - Loss: 0.6373, Cls: 0.6344, GRQO: 0.0029, Acc: 0.7854 | Val - Loss: 3.2079, Cls: 3.2072, GRQO: 0.0006, Acc: 0.1986
2025-10-20 04:10:43,285 | INFO | [location_38] New best val acc: 0.1986
2025-10-20 04:14:28,459 | INFO | [location_38] Epoch 3/5 | Train - Loss: 0.3759, Cls: 0.3734, GRQO: 0.0025, Acc: 0.8750 | Val - Loss: 3.6388, Cls: 3.6383, GRQO: 0.0005, Acc: 0.2042
2025-10-20 04:14:28,570 | INFO | [location_38] New best val acc: 0.2042
2025-10-20 04:20:25,794 | INFO | [location_38] Epoch 4/5 | Train - Loss: 0.2437, Cls: 0.2415, GRQO: 0.0022, Acc: 0.9220 | Val - Loss: 3.9517, Cls: 3.9512, GRQO: 0.0005, Acc: 0.2042
2025-10-20 04:23:40,177 | INFO | [location_38] Epoch 5/5 | Train - Loss: 0.1751, Cls: 0.1733, GRQO: 0.0019, Acc: 0.9426 | Val - Loss: 4.1401, Cls: 4.1397, GRQO: 0.0003, Acc: 0.1971
2025-10-20 04:23:40,177 | INFO | [location_38] Best Acc: 0.2042
2025-10-20 04:23:40,177 | INFO | ------------------------------------------------------------
2025-10-20 04:23:42,356 | INFO | === LODO: Leaving out domain 'location_43' ===
2025-10-20 04:26:44,413 | INFO | [location_43] Epoch 1/5 | Train - Loss: 1.0651, Cls: 1.0590, GRQO: 0.0061, Acc: 0.6378 | Val - Loss: 1.9662, Cls: 1.9650, GRQO: 0.0012, Acc: 0.3405
2025-10-20 04:26:44,458 | INFO | [location_43] New best val acc: 0.3405
2025-10-20 04:29:34,166 | INFO | [location_43] Epoch 2/5 | Train - Loss: 0.5555, Cls: 0.5527, GRQO: 0.0028, Acc: 0.8187 | Val - Loss: 1.9234, Cls: 1.9223, GRQO: 0.0010, Acc: 0.3826
2025-10-20 04:29:34,210 | INFO | [location_43] New best val acc: 0.3826
2025-10-20 04:32:09,850 | INFO | [location_43] Epoch 3/5 | Train - Loss: 0.3313, Cls: 0.3291, GRQO: 0.0022, Acc: 0.8957 | Val - Loss: 2.7939, Cls: 2.7933, GRQO: 0.0006, Acc: 0.3249
2025-10-20 04:35:04,691 | INFO | [location_43] Epoch 4/5 | Train - Loss: 0.2261, Cls: 0.2243, GRQO: 0.0018, Acc: 0.9283 | Val - Loss: 2.1437, Cls: 2.1433, GRQO: 0.0004, Acc: 0.4318
2025-10-20 04:35:04,750 | INFO | [location_43] New best val acc: 0.4318
2025-10-20 04:40:18,604 | INFO | [location_43] Epoch 5/5 | Train - Loss: 0.1575, Cls: 0.1560, GRQO: 0.0015, Acc: 0.9497 | Val - Loss: 2.9309, Cls: 2.9306, GRQO: 0.0003, Acc: 0.3582
2025-10-20 04:40:18,604 | INFO | [location_43] Best Acc: 0.4318
2025-10-20 04:40:18,605 | INFO | ------------------------------------------------------------
2025-10-20 04:40:20,357 | INFO | === LODO: Leaving out domain 'location_46' ===
2025-10-20 04:46:22,906 | INFO | [location_46] Epoch 1/5 | Train - Loss: 1.0565, Cls: 1.0500, GRQO: 0.0064, Acc: 0.6392 | Val - Loss: 1.9515, Cls: 1.9497, GRQO: 0.0018, Acc: 0.2978
2025-10-20 04:46:22,989 | INFO | [location_46] New best val acc: 0.2978
2025-10-20 04:52:19,738 | INFO | [location_46] Epoch 2/5 | Train - Loss: 0.5261, Cls: 0.5231, GRQO: 0.0029, Acc: 0.8288 | Val - Loss: 2.2946, Cls: 2.2934, GRQO: 0.0013, Acc: 0.3009
2025-10-20 04:52:19,881 | INFO | [location_46] New best val acc: 0.3009
2025-10-20 04:58:27,703 | INFO | [location_46] Epoch 3/5 | Train - Loss: 0.3215, Cls: 0.3191, GRQO: 0.0024, Acc: 0.9001 | Val - Loss: 2.4741, Cls: 2.4731, GRQO: 0.0010, Acc: 0.3090
2025-10-20 04:58:27,783 | INFO | [location_46] New best val acc: 0.3090
2025-10-20 05:04:38,570 | INFO | [location_46] Epoch 4/5 | Train - Loss: 0.2049, Cls: 0.2030, GRQO: 0.0020, Acc: 0.9357 | Val - Loss: 2.8492, Cls: 2.8486, GRQO: 0.0005, Acc: 0.3027
2025-10-20 05:10:41,937 | INFO | [location_46] Epoch 5/5 | Train - Loss: 0.1527, Cls: 0.1511, GRQO: 0.0016, Acc: 0.9495 | Val - Loss: 3.1997, Cls: 3.1992, GRQO: 0.0005, Acc: 0.2821
2025-10-20 05:10:41,939 | INFO | [location_46] Best Acc: 0.3090
2025-10-20 05:10:41,940 | INFO | ------------------------------------------------------------
2025-10-20 05:10:43,617 | INFO | === LODO: Leaving out domain 'location_100' ===
2025-10-20 05:16:39,683 | INFO | [location_100] Epoch 1/5 | Train - Loss: 1.1720, Cls: 1.1656, GRQO: 0.0064, Acc: 0.5933 | Val - Loss: 1.6672, Cls: 1.6659, GRQO: 0.0014, Acc: 0.4548
2025-10-20 05:16:39,770 | INFO | [location_100] New best val acc: 0.4548
2025-10-20 05:22:35,631 | INFO | [location_100] Epoch 2/5 | Train - Loss: 0.5974, Cls: 0.5945, GRQO: 0.0029, Acc: 0.8063 | Val - Loss: 1.9095, Cls: 1.9086, GRQO: 0.0009, Acc: 0.4466
2025-10-20 05:26:43,451 | INFO | [location_100] Epoch 3/5 | Train - Loss: 0.3550, Cls: 0.3526, GRQO: 0.0023, Acc: 0.8872 | Val - Loss: 1.7553, Cls: 1.7548, GRQO: 0.0006, Acc: 0.5144
2025-10-20 05:26:43,495 | INFO | [location_100] New best val acc: 0.5144
2025-10-20 05:29:40,613 | INFO | [location_100] Epoch 4/5 | Train - Loss: 0.2435, Cls: 0.2415, GRQO: 0.0019, Acc: 0.9197 | Val - Loss: 2.7837, Cls: 2.7833, GRQO: 0.0004, Acc: 0.3603
2025-10-20 05:33:33,107 | INFO | [location_100] Epoch 5/5 | Train - Loss: 0.1735, Cls: 0.1719, GRQO: 0.0016, Acc: 0.9441 | Val - Loss: 2.4784, Cls: 2.4781, GRQO: 0.0003, Acc: 0.3970
2025-10-20 05:33:33,107 | INFO | [location_100] Best Acc: 0.5144
2025-10-20 05:33:33,107 | INFO | ------------------------------------------------------------
2025-10-20 05:33:33,109 | INFO | LODO finished | Mean Acc: 0.3649 | Summary saved to c:\Users\Fatim_Sproj\Desktop\Fatim\Spring 2025\sproj\Visual-Reasoning\Vit-GRQO\vit-tiny\TerraIncognita\logs\lodo_summary_20251020_053333.json
2025-10-20 05:33:33,130 | INFO | Initializing ViT baseline: WinKawaks/vit-tiny-patch16-224
2025-10-20 05:33:34,849 | INFO | === Baseline LODO: Leaving out domain 'location_38' ===
2025-10-20 05:36:36,074 | INFO | [location_38] Epoch 1/5 | Train - Loss: 0.9253, Acc: 0.6695 | Val Acc: 0.1073
2025-10-20 05:39:22,895 | INFO | [location_38] Epoch 2/5 | Train - Loss: 0.3979, Acc: 0.8634 | Val Acc: 0.2290
2025-10-20 05:41:55,126 | INFO | [location_38] Epoch 3/5 | Train - Loss: 0.2304, Acc: 0.9228 | Val Acc: 0.1672
2025-10-20 05:44:27,226 | INFO | [location_38] Epoch 4/5 | Train - Loss: 0.1629, Acc: 0.9443 | Val Acc: 0.1565
2025-10-20 05:47:00,776 | INFO | [location_38] Epoch 5/5 | Train - Loss: 0.1268, Acc: 0.9570 | Val Acc: 0.1456
2025-10-20 05:47:00,776 | INFO | [location_38] Best Val Acc: 0.2290
2025-10-20 05:47:00,776 | INFO | ------------------------------------------------------------
2025-10-20 05:47:00,776 | INFO | Initializing ViT baseline: WinKawaks/vit-tiny-patch16-224
2025-10-20 05:47:02,466 | INFO | === Baseline LODO: Leaving out domain 'location_43' ===
2025-10-20 05:50:04,204 | INFO | [location_43] Epoch 1/5 | Train - Loss: 0.8035, Acc: 0.7286 | Val Acc: 0.4045
2025-10-20 05:52:36,922 | INFO | [location_43] Epoch 2/5 | Train - Loss: 0.3411, Acc: 0.8874 | Val Acc: 0.4152
2025-10-20 05:55:04,867 | INFO | [location_43] Epoch 3/5 | Train - Loss: 0.1899, Acc: 0.9398 | Val Acc: 0.4356
2025-10-20 05:57:25,190 | INFO | [location_43] Epoch 4/5 | Train - Loss: 0.1317, Acc: 0.9569 | Val Acc: 0.4284
2025-10-20 05:59:45,306 | INFO | [location_43] Epoch 5/5 | Train - Loss: 0.1053, Acc: 0.9652 | Val Acc: 0.4326
2025-10-20 05:59:45,306 | INFO | [location_43] Best Val Acc: 0.4356
2025-10-20 05:59:45,306 | INFO | ------------------------------------------------------------
2025-10-20 05:59:45,306 | INFO | Initializing ViT baseline: WinKawaks/vit-tiny-patch16-224
2025-10-20 05:59:46,956 | INFO | === Baseline LODO: Leaving out domain 'location_46' ===
2025-10-20 06:02:16,178 | INFO | [location_46] Epoch 1/5 | Train - Loss: 0.8465, Acc: 0.7104 | Val Acc: 0.2720
2025-10-20 06:04:49,221 | INFO | [location_46] Epoch 2/5 | Train - Loss: 0.3500, Acc: 0.8874 | Val Acc: 0.2945
2025-10-20 06:07:29,371 | INFO | [location_46] Epoch 3/5 | Train - Loss: 0.1959, Acc: 0.9380 | Val Acc: 0.3345
2025-10-20 06:10:06,887 | INFO | [location_46] Epoch 4/5 | Train - Loss: 0.1323, Acc: 0.9574 | Val Acc: 0.3161
2025-10-20 06:15:19,744 | INFO | [location_46] Epoch 5/5 | Train - Loss: 0.0980, Acc: 0.9689 | Val Acc: 0.3458
2025-10-20 06:15:19,745 | INFO | [location_46] Best Val Acc: 0.3458
2025-10-20 06:15:19,746 | INFO | ------------------------------------------------------------
2025-10-20 06:15:19,747 | INFO | Initializing ViT baseline: WinKawaks/vit-tiny-patch16-224
2025-10-20 06:15:21,508 | INFO | === Baseline LODO: Leaving out domain 'location_100' ===
2025-10-20 06:21:05,185 | INFO | [location_100] Epoch 1/5 | Train - Loss: 0.8716, Acc: 0.7018 | Val Acc: 0.3201
2025-10-20 06:25:11,022 | INFO | [location_100] Epoch 2/5 | Train - Loss: 0.3859, Acc: 0.8701 | Val Acc: 0.3380
2025-10-20 06:30:57,964 | INFO | [location_100] Epoch 3/5 | Train - Loss: 0.2281, Acc: 0.9241 | Val Acc: 0.4409
2025-10-20 06:37:24,353 | INFO | [location_100] Epoch 4/5 | Train - Loss: 0.1548, Acc: 0.9486 | Val Acc: 0.4595
2025-10-20 06:42:53,113 | INFO | [location_100] Epoch 5/5 | Train - Loss: 0.1207, Acc: 0.9593 | Val Acc: 0.4441
2025-10-20 06:42:53,114 | INFO | [location_100] Best Val Acc: 0.4595
2025-10-20 06:42:53,115 | INFO | ------------------------------------------------------------
2025-10-20 06:42:53,116 | INFO | Baseline LODO (WinKawaks/vit-tiny-patch16-224) finished | Mean Acc: 0.3675
