2025-10-10 03:36:56,099 | INFO | Initialized experiment directories for PACS
2025-10-10 03:36:56,100 | INFO | Logs: c:\Users\Fatim_Sproj\Desktop\Fatim\Spring 2025\sproj\Visual-Reasoning\Vit-GRQO\resnet\PACS\logs
2025-10-10 03:36:56,101 | INFO | Checkpoints: c:\Users\Fatim_Sproj\Desktop\Fatim\Spring 2025\sproj\Visual-Reasoning\Vit-GRQO\resnet\PACS\checkpoints
2025-10-10 03:36:56,101 | INFO | Plots: c:\Users\Fatim_Sproj\Desktop\Fatim\Spring 2025\sproj\Visual-Reasoning\Vit-GRQO\resnet\PACS\plots
2025-10-10 03:36:56,395 | INFO | === LODO: Leaving out domain 'art_painting' ===
2025-10-10 03:37:21,331 | INFO | [art_painting] Epoch 1/5 | Train - Loss: 0.6167, Cls: 0.6081, GRQO: 0.0085, Acc: 0.7999 | Val - Loss: 0.8540, Cls: 0.8522, GRQO: 0.0018, Acc: 0.7522
2025-10-10 03:37:21,399 | INFO | [art_painting] New best val acc: 0.7522
2025-10-10 03:37:45,496 | INFO | [art_painting] Epoch 2/5 | Train - Loss: 0.1439, Cls: 0.1409, GRQO: 0.0030, Acc: 0.9491 | Val - Loss: 0.8121, Cls: 0.8110, GRQO: 0.0011, Acc: 0.7704
2025-10-10 03:37:45,563 | INFO | [art_painting] New best val acc: 0.7704
2025-10-10 03:38:09,705 | INFO | [art_painting] Epoch 3/5 | Train - Loss: 0.0616, Cls: 0.0591, GRQO: 0.0025, Acc: 0.9825 | Val - Loss: 0.8247, Cls: 0.8240, GRQO: 0.0007, Acc: 0.7831
2025-10-10 03:38:09,765 | INFO | [art_painting] New best val acc: 0.7831
2025-10-10 03:38:43,340 | INFO | [art_painting] Epoch 4/5 | Train - Loss: 0.0319, Cls: 0.0296, GRQO: 0.0023, Acc: 0.9922 | Val - Loss: 0.9726, Cls: 0.9720, GRQO: 0.0006, Acc: 0.7645
2025-10-10 03:39:08,719 | INFO | [art_painting] Epoch 5/5 | Train - Loss: 0.0094, Cls: 0.0074, GRQO: 0.0020, Acc: 0.9984 | Val - Loss: 0.9862, Cls: 0.9858, GRQO: 0.0004, Acc: 0.7635
2025-10-10 03:39:08,720 | INFO | [art_painting] Best Acc: 0.7831
2025-10-10 03:39:08,720 | INFO | ------------------------------------------------------------
2025-10-10 03:39:08,968 | INFO | === LODO: Leaving out domain 'cartoon' ===
2025-10-10 03:39:36,730 | INFO | [cartoon] Epoch 1/5 | Train - Loss: 0.6816, Cls: 0.6733, GRQO: 0.0083, Acc: 0.7794 | Val - Loss: 0.9541, Cls: 0.9526, GRQO: 0.0015, Acc: 0.6826
2025-10-10 03:39:36,866 | INFO | [cartoon] New best val acc: 0.6826
2025-10-10 03:40:10,698 | INFO | [cartoon] Epoch 2/5 | Train - Loss: 0.1109, Cls: 0.1084, GRQO: 0.0025, Acc: 0.9641 | Val - Loss: 0.9198, Cls: 0.9188, GRQO: 0.0010, Acc: 0.7218
2025-10-10 03:40:10,827 | INFO | [cartoon] New best val acc: 0.7218
2025-10-10 03:40:44,599 | INFO | [cartoon] Epoch 3/5 | Train - Loss: 0.0305, Cls: 0.0284, GRQO: 0.0021, Acc: 0.9920 | Val - Loss: 0.8374, Cls: 0.8368, GRQO: 0.0006, Acc: 0.7547
2025-10-10 03:40:44,741 | INFO | [cartoon] New best val acc: 0.7547
2025-10-10 03:41:20,796 | INFO | [cartoon] Epoch 4/5 | Train - Loss: 0.0120, Cls: 0.0101, GRQO: 0.0019, Acc: 0.9975 | Val - Loss: 1.2370, Cls: 1.2366, GRQO: 0.0005, Acc: 0.6958
2025-10-10 03:41:46,930 | INFO | [cartoon] Epoch 5/5 | Train - Loss: 0.0059, Cls: 0.0042, GRQO: 0.0017, Acc: 0.9996 | Val - Loss: 1.1147, Cls: 1.1143, GRQO: 0.0004, Acc: 0.7248
2025-10-10 03:41:46,930 | INFO | [cartoon] Best Acc: 0.7547
2025-10-10 03:41:46,930 | INFO | ------------------------------------------------------------
2025-10-10 03:41:47,184 | INFO | === LODO: Leaving out domain 'photo' ===
2025-10-10 03:42:12,995 | INFO | [photo] Epoch 1/5 | Train - Loss: 0.6918, Cls: 0.6833, GRQO: 0.0085, Acc: 0.7625 | Val - Loss: 0.2139, Cls: 0.2125, GRQO: 0.0013, Acc: 0.9311
2025-10-10 03:42:13,063 | INFO | [photo] New best val acc: 0.9311
2025-10-10 03:42:48,579 | INFO | [photo] Epoch 2/5 | Train - Loss: 0.1269, Cls: 0.1243, GRQO: 0.0027, Acc: 0.9584 | Val - Loss: 0.2776, Cls: 0.2769, GRQO: 0.0007, Acc: 0.9222
2025-10-10 03:43:23,081 | INFO | [photo] Epoch 3/5 | Train - Loss: 0.0320, Cls: 0.0297, GRQO: 0.0023, Acc: 0.9925 | Val - Loss: 0.2038, Cls: 0.2035, GRQO: 0.0003, Acc: 0.9413
2025-10-10 03:43:23,176 | INFO | [photo] New best val acc: 0.9413
2025-10-10 03:43:57,128 | INFO | [photo] Epoch 4/5 | Train - Loss: 0.0116, Cls: 0.0095, GRQO: 0.0021, Acc: 0.9986 | Val - Loss: 0.1987, Cls: 0.1985, GRQO: 0.0002, Acc: 0.9431
2025-10-10 03:43:57,246 | INFO | [photo] New best val acc: 0.9431
2025-10-10 03:44:25,763 | INFO | [photo] Epoch 5/5 | Train - Loss: 0.0072, Cls: 0.0054, GRQO: 0.0018, Acc: 0.9988 | Val - Loss: 0.2531, Cls: 0.2530, GRQO: 0.0001, Acc: 0.9389
2025-10-10 03:44:25,763 | INFO | [photo] Best Acc: 0.9431
2025-10-10 03:44:25,763 | INFO | ------------------------------------------------------------
2025-10-10 03:44:26,097 | INFO | === LODO: Leaving out domain 'sketch' ===
2025-10-10 03:44:52,612 | INFO | [sketch] Epoch 1/5 | Train - Loss: 0.6944, Cls: 0.6827, GRQO: 0.0117, Acc: 0.7938 | Val - Loss: 1.4414, Cls: 1.4401, GRQO: 0.0013, Acc: 0.5806
2025-10-10 03:44:52,683 | INFO | [sketch] New best val acc: 0.5806
2025-10-10 03:45:26,429 | INFO | [sketch] Epoch 2/5 | Train - Loss: 0.0931, Cls: 0.0903, GRQO: 0.0028, Acc: 0.9737 | Val - Loss: 1.1200, Cls: 1.1189, GRQO: 0.0011, Acc: 0.6365
2025-10-10 03:45:26,500 | INFO | [sketch] New best val acc: 0.6365
2025-10-10 03:46:01,522 | INFO | [sketch] Epoch 3/5 | Train - Loss: 0.0166, Cls: 0.0143, GRQO: 0.0023, Acc: 0.9977 | Val - Loss: 1.1984, Cls: 1.1978, GRQO: 0.0006, Acc: 0.6505
2025-10-10 03:46:01,629 | INFO | [sketch] New best val acc: 0.6505
2025-10-10 03:46:36,429 | INFO | [sketch] Epoch 4/5 | Train - Loss: 0.0087, Cls: 0.0066, GRQO: 0.0021, Acc: 0.9988 | Val - Loss: 1.1898, Cls: 1.1894, GRQO: 0.0004, Acc: 0.6834
2025-10-10 03:46:36,562 | INFO | [sketch] New best val acc: 0.6834
2025-10-10 03:47:12,562 | INFO | [sketch] Epoch 5/5 | Train - Loss: 0.0048, Cls: 0.0029, GRQO: 0.0019, Acc: 0.9998 | Val - Loss: 1.2601, Cls: 1.2596, GRQO: 0.0005, Acc: 0.6676
2025-10-10 03:47:12,562 | INFO | [sketch] Best Acc: 0.6834
2025-10-10 03:47:12,562 | INFO | ------------------------------------------------------------
2025-10-10 03:47:12,562 | INFO | LODO finished | Mean Acc: 0.7911 | Summary saved to c:\Users\Fatim_Sproj\Desktop\Fatim\Spring 2025\sproj\Visual-Reasoning\Vit-GRQO\resnet\PACS\logs\lodo_summary_20251010_034712.json
2025-10-10 03:47:12,581 | INFO | Initializing ResNet baseline: resnet18
2025-10-10 03:47:12,711 | INFO | === Baseline LODO: Leaving out domain 'art_painting' ===
2025-10-10 03:47:41,486 | INFO | [art_painting] Epoch 1/5 | Train - Loss: 0.5093, Acc: 0.8389 | Val Acc: 0.7233
2025-10-10 03:48:13,411 | INFO | [art_painting] Epoch 2/5 | Train - Loss: 0.0953, Acc: 0.9747 | Val Acc: 0.7110
2025-10-10 03:48:37,128 | INFO | [art_painting] Epoch 3/5 | Train - Loss: 0.0213, Acc: 0.9994 | Val Acc: 0.7699
2025-10-10 03:49:07,293 | INFO | [art_painting] Epoch 4/5 | Train - Loss: 0.0113, Acc: 0.9990 | Val Acc: 0.7684
2025-10-10 03:49:33,607 | INFO | [art_painting] Epoch 5/5 | Train - Loss: 0.0208, Acc: 0.9958 | Val Acc: 0.7610
2025-10-10 03:49:33,608 | INFO | [art_painting] Best Val Acc: 0.7699
2025-10-10 03:49:33,608 | INFO | ------------------------------------------------------------
2025-10-10 03:49:33,608 | INFO | Initializing ResNet baseline: resnet18
2025-10-10 03:49:33,733 | INFO | === Baseline LODO: Leaving out domain 'cartoon' ===
2025-10-10 03:49:57,049 | INFO | [cartoon] Epoch 1/5 | Train - Loss: 0.5415, Acc: 0.8269 | Val Acc: 0.6382
2025-10-10 03:50:28,764 | INFO | [cartoon] Epoch 2/5 | Train - Loss: 0.1056, Acc: 0.9699 | Val Acc: 0.6873
2025-10-10 03:50:56,539 | INFO | [cartoon] Epoch 3/5 | Train - Loss: 0.0289, Acc: 0.9966 | Val Acc: 0.7253
2025-10-10 03:51:29,019 | INFO | [cartoon] Epoch 4/5 | Train - Loss: 0.0088, Acc: 1.0000 | Val Acc: 0.7150
2025-10-10 03:51:55,546 | INFO | [cartoon] Epoch 5/5 | Train - Loss: 0.0050, Acc: 0.9999 | Val Acc: 0.7244
2025-10-10 03:51:55,546 | INFO | [cartoon] Best Val Acc: 0.7253
2025-10-10 03:51:55,546 | INFO | ------------------------------------------------------------
2025-10-10 03:51:55,546 | INFO | Initializing ResNet baseline: resnet18
2025-10-10 03:51:55,770 | INFO | === Baseline LODO: Leaving out domain 'photo' ===
2025-10-10 03:52:21,544 | INFO | [photo] Epoch 1/5 | Train - Loss: 0.5834, Acc: 0.8124 | Val Acc: 0.9168
2025-10-10 03:52:45,340 | INFO | [photo] Epoch 2/5 | Train - Loss: 0.1138, Acc: 0.9714 | Val Acc: 0.9257
2025-10-10 03:53:09,313 | INFO | [photo] Epoch 3/5 | Train - Loss: 0.0263, Acc: 0.9982 | Val Acc: 0.9311
2025-10-10 03:53:34,194 | INFO | [photo] Epoch 4/5 | Train - Loss: 0.0083, Acc: 1.0000 | Val Acc: 0.9347
2025-10-10 03:54:00,827 | INFO | [photo] Epoch 5/5 | Train - Loss: 0.0045, Acc: 1.0000 | Val Acc: 0.9365
2025-10-10 03:54:00,827 | INFO | [photo] Best Val Acc: 0.9365
2025-10-10 03:54:00,827 | INFO | ------------------------------------------------------------
2025-10-10 03:54:00,827 | INFO | Initializing ResNet baseline: resnet18
2025-10-10 03:54:01,027 | INFO | === Baseline LODO: Leaving out domain 'sketch' ===
2025-10-10 03:54:30,892 | INFO | [sketch] Epoch 1/5 | Train - Loss: 0.5558, Acc: 0.8262 | Val Acc: 0.6399
2025-10-10 03:55:02,329 | INFO | [sketch] Epoch 2/5 | Train - Loss: 0.0841, Acc: 0.9807 | Val Acc: 0.6248
2025-10-10 03:55:32,223 | INFO | [sketch] Epoch 3/5 | Train - Loss: 0.0197, Acc: 0.9990 | Val Acc: 0.5650
2025-10-10 03:55:57,227 | INFO | [sketch] Epoch 4/5 | Train - Loss: 0.0079, Acc: 1.0000 | Val Acc: 0.5862
2025-10-10 03:56:27,117 | INFO | [sketch] Epoch 5/5 | Train - Loss: 0.0050, Acc: 1.0000 | Val Acc: 0.6111
2025-10-10 03:56:27,119 | INFO | [sketch] Best Val Acc: 0.6399
2025-10-10 03:56:27,119 | INFO | ------------------------------------------------------------
2025-10-10 03:56:27,119 | INFO | Baseline LODO (resnet18) finished | Mean Acc: 0.7679
