2025-10-10 22:32:08,331 | INFO | Initialized experiment directories for CMNIST
2025-10-10 22:32:08,331 | INFO | Logs: c:\Users\Fatim_Sproj\Desktop\Fatim\Spring 2025\sproj\Visual-Reasoning\Vit-GRQO\resnet\CMNIST\logs
2025-10-10 22:32:08,331 | INFO | Checkpoints: c:\Users\Fatim_Sproj\Desktop\Fatim\Spring 2025\sproj\Visual-Reasoning\Vit-GRQO\resnet\CMNIST\checkpoints
2025-10-10 22:32:08,331 | INFO | Plots: c:\Users\Fatim_Sproj\Desktop\Fatim\Spring 2025\sproj\Visual-Reasoning\Vit-GRQO\resnet\CMNIST\plots
2025-10-10 22:32:10,834 | INFO | === LODO: Leaving out domain 'red' ===
2025-10-10 22:32:39,881 | INFO | [red] Epoch 1/5 | Train - Loss: 0.4737, Cls: 0.4662, GRQO: 0.0074, Acc: 0.8747 | Val - Loss: 0.1957, Cls: 0.1946, GRQO: 0.0012, Acc: 0.9412
2025-10-10 22:32:39,956 | INFO | [red] New best val acc: 0.9412
2025-10-10 22:33:08,380 | INFO | [red] Epoch 2/5 | Train - Loss: 0.0383, Cls: 0.0357, GRQO: 0.0026, Acc: 0.9899 | Val - Loss: 0.1084, Cls: 0.1080, GRQO: 0.0004, Acc: 0.9668
2025-10-10 22:33:08,449 | INFO | [red] New best val acc: 0.9668
2025-10-10 22:33:36,995 | INFO | [red] Epoch 3/5 | Train - Loss: 0.0195, Cls: 0.0174, GRQO: 0.0021, Acc: 0.9949 | Val - Loss: 0.0653, Cls: 0.0651, GRQO: 0.0002, Acc: 0.9801
2025-10-10 22:33:37,067 | INFO | [red] New best val acc: 0.9801
2025-10-10 22:34:07,136 | INFO | [red] Epoch 4/5 | Train - Loss: 0.0115, Cls: 0.0098, GRQO: 0.0017, Acc: 0.9974 | Val - Loss: 0.1249, Cls: 0.1248, GRQO: 0.0002, Acc: 0.9644
2025-10-10 22:34:35,595 | INFO | [red] Epoch 5/5 | Train - Loss: 0.0130, Cls: 0.0115, GRQO: 0.0015, Acc: 0.9958 | Val - Loss: 0.0808, Cls: 0.0807, GRQO: 0.0001, Acc: 0.9797
2025-10-10 22:34:35,595 | INFO | [red] Best Acc: 0.9801
2025-10-10 22:34:35,595 | INFO | ------------------------------------------------------------
2025-10-10 22:34:35,712 | INFO | === LODO: Leaving out domain 'green' ===
2025-10-10 22:35:08,790 | INFO | [green] Epoch 1/5 | Train - Loss: 0.4460, Cls: 0.4378, GRQO: 0.0082, Acc: 0.8876 | Val - Loss: 0.5802, Cls: 0.5786, GRQO: 0.0017, Acc: 0.8026
2025-10-10 22:35:08,898 | INFO | [green] New best val acc: 0.8026
2025-10-10 22:35:41,684 | INFO | [green] Epoch 2/5 | Train - Loss: 0.0410, Cls: 0.0386, GRQO: 0.0024, Acc: 0.9895 | Val - Loss: 0.6280, Cls: 0.6267, GRQO: 0.0014, Acc: 0.7925
2025-10-10 22:36:14,884 | INFO | [green] Epoch 3/5 | Train - Loss: 0.0232, Cls: 0.0212, GRQO: 0.0020, Acc: 0.9934 | Val - Loss: 0.1544, Cls: 0.1539, GRQO: 0.0005, Acc: 0.9523
2025-10-10 22:36:15,001 | INFO | [green] New best val acc: 0.9523
2025-10-10 22:36:47,871 | INFO | [green] Epoch 4/5 | Train - Loss: 0.0172, Cls: 0.0155, GRQO: 0.0017, Acc: 0.9947 | Val - Loss: 0.2548, Cls: 0.2544, GRQO: 0.0004, Acc: 0.9244
2025-10-10 22:37:20,669 | INFO | [green] Epoch 5/5 | Train - Loss: 0.0120, Cls: 0.0106, GRQO: 0.0014, Acc: 0.9970 | Val - Loss: 0.1331, Cls: 0.1329, GRQO: 0.0002, Acc: 0.9596
2025-10-10 22:37:20,794 | INFO | [green] New best val acc: 0.9596
2025-10-10 22:37:20,795 | INFO | [green] Best Acc: 0.9596
2025-10-10 22:37:20,796 | INFO | ------------------------------------------------------------
2025-10-10 22:37:21,042 | INFO | === LODO: Leaving out domain 'blue' ===
2025-10-10 22:37:54,002 | INFO | [blue] Epoch 1/5 | Train - Loss: 0.4540, Cls: 0.4462, GRQO: 0.0078, Acc: 0.8776 | Val - Loss: 0.3883, Cls: 0.3865, GRQO: 0.0018, Acc: 0.8860
2025-10-10 22:37:54,121 | INFO | [blue] New best val acc: 0.8860
2025-10-10 22:38:26,986 | INFO | [blue] Epoch 2/5 | Train - Loss: 0.0454, Cls: 0.0428, GRQO: 0.0026, Acc: 0.9871 | Val - Loss: 0.3407, Cls: 0.3397, GRQO: 0.0010, Acc: 0.8924
2025-10-10 22:38:27,122 | INFO | [blue] New best val acc: 0.8924
2025-10-10 22:38:59,934 | INFO | [blue] Epoch 3/5 | Train - Loss: 0.0189, Cls: 0.0168, GRQO: 0.0021, Acc: 0.9958 | Val - Loss: 0.2059, Cls: 0.2054, GRQO: 0.0005, Acc: 0.9376
2025-10-10 22:39:00,058 | INFO | [blue] New best val acc: 0.9376
2025-10-10 22:39:33,138 | INFO | [blue] Epoch 4/5 | Train - Loss: 0.0094, Cls: 0.0077, GRQO: 0.0017, Acc: 0.9981 | Val - Loss: 0.2201, Cls: 0.2195, GRQO: 0.0005, Acc: 0.9352
2025-10-10 22:40:06,069 | INFO | [blue] Epoch 5/5 | Train - Loss: 0.0083, Cls: 0.0069, GRQO: 0.0014, Acc: 0.9980 | Val - Loss: 0.2232, Cls: 0.2228, GRQO: 0.0003, Acc: 0.9358
2025-10-10 22:40:06,069 | INFO | [blue] Best Acc: 0.9376
2025-10-10 22:40:06,069 | INFO | ------------------------------------------------------------
2025-10-10 22:40:06,069 | INFO | LODO finished | Mean Acc: 0.9591 | Summary saved to c:\Users\Fatim_Sproj\Desktop\Fatim\Spring 2025\sproj\Visual-Reasoning\Vit-GRQO\resnet\CMNIST\logs\lodo_summary_20251010_224006.json
2025-10-10 22:40:06,108 | INFO | Initializing ResNet baseline: resnet18
2025-10-10 22:40:06,289 | INFO | === Baseline LODO: Leaving out domain 'red' ===
2025-10-10 22:40:36,760 | INFO | [red] Epoch 1/5 | Train - Loss: 0.2897, Acc: 0.9330 | Val Acc: 0.9412
2025-10-10 22:41:04,759 | INFO | [red] Epoch 2/5 | Train - Loss: 0.0333, Acc: 0.9928 | Val Acc: 0.9650
2025-10-10 22:41:34,788 | INFO | [red] Epoch 3/5 | Train - Loss: 0.0113, Acc: 0.9988 | Val Acc: 0.9644
2025-10-10 22:42:04,356 | INFO | [red] Epoch 4/5 | Train - Loss: 0.0061, Acc: 0.9992 | Val Acc: 0.9642
2025-10-10 22:42:34,729 | INFO | [red] Epoch 5/5 | Train - Loss: 0.0024, Acc: 1.0000 | Val Acc: 0.9501
2025-10-10 22:42:34,730 | INFO | [red] Best Val Acc: 0.9650
2025-10-10 22:42:34,731 | INFO | ------------------------------------------------------------
2025-10-10 22:42:34,732 | INFO | Initializing ResNet baseline: resnet18
2025-10-10 22:42:34,912 | INFO | === Baseline LODO: Leaving out domain 'green' ===
2025-10-10 22:43:05,532 | INFO | [green] Epoch 1/5 | Train - Loss: 0.3149, Acc: 0.9207 | Val Acc: 0.7276
2025-10-10 22:43:32,177 | INFO | [green] Epoch 2/5 | Train - Loss: 0.0361, Acc: 0.9913 | Val Acc: 0.7349
2025-10-10 22:44:02,320 | INFO | [green] Epoch 3/5 | Train - Loss: 0.0128, Acc: 0.9984 | Val Acc: 0.8321
2025-10-10 22:44:32,101 | INFO | [green] Epoch 4/5 | Train - Loss: 0.0058, Acc: 0.9994 | Val Acc: 0.6585
2025-10-10 22:45:01,719 | INFO | [green] Epoch 5/5 | Train - Loss: 0.0024, Acc: 1.0000 | Val Acc: 0.6285
2025-10-10 22:45:01,719 | INFO | [green] Best Val Acc: 0.8321
2025-10-10 22:45:01,719 | INFO | ------------------------------------------------------------
2025-10-10 22:45:01,719 | INFO | Initializing ResNet baseline: resnet18
2025-10-10 22:45:01,914 | INFO | === Baseline LODO: Leaving out domain 'blue' ===
