2025-10-10 23:12:18,823 | INFO | Initialized experiment directories for CMNIST
2025-10-10 23:12:18,823 | INFO | Logs: c:\Users\Fatim_Sproj\Desktop\Fatim\Spring 2025\sproj\Visual-Reasoning\Vit-GRQO\resnet\CMNIST\logs
2025-10-10 23:12:18,823 | INFO | Checkpoints: c:\Users\Fatim_Sproj\Desktop\Fatim\Spring 2025\sproj\Visual-Reasoning\Vit-GRQO\resnet\CMNIST\checkpoints
2025-10-10 23:12:18,823 | INFO | Plots: c:\Users\Fatim_Sproj\Desktop\Fatim\Spring 2025\sproj\Visual-Reasoning\Vit-GRQO\resnet\CMNIST\plots
2025-10-10 23:12:20,991 | INFO | Initializing ResNet baseline: resnet18
2025-10-10 23:12:21,156 | INFO | === Baseline LODO: Leaving out domain 'red' ===
2025-10-10 23:12:49,556 | INFO | [red] Epoch 1/5 | Train - Loss: 0.3227, Acc: 0.9206 | Val Acc: 0.9461
2025-10-10 23:13:15,941 | INFO | [red] Epoch 2/5 | Train - Loss: 0.0364, Acc: 0.9919 | Val Acc: 0.9501
2025-10-10 23:13:42,356 | INFO | [red] Epoch 3/5 | Train - Loss: 0.0126, Acc: 0.9981 | Val Acc: 0.9642
2025-10-10 23:14:08,713 | INFO | [red] Epoch 4/5 | Train - Loss: 0.0049, Acc: 0.9998 | Val Acc: 0.9660
2025-10-10 23:14:35,139 | INFO | [red] Epoch 5/5 | Train - Loss: 0.0023, Acc: 1.0000 | Val Acc: 0.9658
2025-10-10 23:14:35,139 | INFO | [red] Best Val Acc: 0.9660
2025-10-10 23:14:35,139 | INFO | ------------------------------------------------------------
2025-10-10 23:14:35,139 | INFO | Initializing ResNet baseline: resnet18
2025-10-10 23:14:35,224 | INFO | === Baseline LODO: Leaving out domain 'green' ===
2025-10-10 23:15:01,516 | INFO | [green] Epoch 1/5 | Train - Loss: 0.2925, Acc: 0.9304 | Val Acc: 0.7733
2025-10-10 23:15:27,906 | INFO | [green] Epoch 2/5 | Train - Loss: 0.0381, Acc: 0.9907 | Val Acc: 0.7658
2025-10-10 23:15:54,493 | INFO | [green] Epoch 3/5 | Train - Loss: 0.0137, Acc: 0.9981 | Val Acc: 0.6884
2025-10-10 23:16:20,905 | INFO | [green] Epoch 4/5 | Train - Loss: 0.0052, Acc: 0.9995 | Val Acc: 0.8059
2025-10-10 23:16:47,288 | INFO | [green] Epoch 5/5 | Train - Loss: 0.0021, Acc: 1.0000 | Val Acc: 0.7457
2025-10-10 23:16:47,288 | INFO | [green] Best Val Acc: 0.8059
2025-10-10 23:16:47,288 | INFO | ------------------------------------------------------------
2025-10-10 23:16:47,288 | INFO | Initializing ResNet baseline: resnet18
2025-10-10 23:16:47,372 | INFO | === Baseline LODO: Leaving out domain 'blue' ===
2025-10-10 23:17:14,139 | INFO | [blue] Epoch 1/5 | Train - Loss: 0.2937, Acc: 0.9304 | Val Acc: 0.5562
2025-10-10 23:17:40,798 | INFO | [blue] Epoch 2/5 | Train - Loss: 0.0351, Acc: 0.9920 | Val Acc: 0.7304
2025-10-10 23:18:07,990 | INFO | [blue] Epoch 3/5 | Train - Loss: 0.0126, Acc: 0.9984 | Val Acc: 0.8096
2025-10-10 23:18:34,890 | INFO | [blue] Epoch 4/5 | Train - Loss: 0.0042, Acc: 0.9997 | Val Acc: 0.6991
2025-10-10 23:19:02,137 | INFO | [blue] Epoch 5/5 | Train - Loss: 0.0025, Acc: 0.9999 | Val Acc: 0.7974
2025-10-10 23:19:02,138 | INFO | [blue] Best Val Acc: 0.8096
2025-10-10 23:19:02,138 | INFO | ------------------------------------------------------------
2025-10-10 23:19:02,138 | INFO | Baseline LODO (resnet18) finished | Mean Acc: 0.8605
