2025-11-14 19:56:04,331 | INFO | Initialized experiment directories for OfficeHome
2025-11-14 19:56:04,332 | INFO | Logs: d:\Haseeb\SPROJ\GRQO\Vit-GRQO\resnet18_experiments\OfficeHome\logs
2025-11-14 19:56:04,333 | INFO | Checkpoints: d:\Haseeb\SPROJ\GRQO\Vit-GRQO\resnet18_experiments\OfficeHome\checkpoints
2025-11-14 19:56:04,334 | INFO | Plots: d:\Haseeb\SPROJ\GRQO\Vit-GRQO\resnet18_experiments\OfficeHome\plots
2025-11-14 19:56:07,224 | INFO | === LODO: Leaving out domain 'Art' ===
2025-11-14 20:00:28,957 | INFO | [Art] Epoch 1/5 | Train - Loss: 2.4304, Cls: 2.4218, GRQO: 0.0085, Acc: 0.4690 | Val - Loss: 1.9660, Cls: 1.9634, GRQO: 0.0026, Acc: 0.5208
2025-11-14 20:00:29,066 | INFO | [Art] New best val acc: 0.5208
2025-11-14 20:02:10,885 | INFO | [Art] Epoch 2/5 | Train - Loss: 0.7439, Cls: 0.7396, GRQO: 0.0043, Acc: 0.8261 | Val - Loss: 1.7799, Cls: 1.7784, GRQO: 0.0015, Acc: 0.5550
2025-11-14 20:02:10,953 | INFO | [Art] New best val acc: 0.5550
2025-11-14 20:03:39,301 | INFO | [Art] Epoch 3/5 | Train - Loss: 0.2849, Cls: 0.2814, GRQO: 0.0035, Acc: 0.9392 | Val - Loss: 1.8899, Cls: 1.8889, GRQO: 0.0010, Acc: 0.5447
2025-11-14 20:05:07,098 | INFO | [Art] Epoch 4/5 | Train - Loss: 0.1244, Cls: 0.1214, GRQO: 0.0030, Acc: 0.9780 | Val - Loss: 1.8435, Cls: 1.8427, GRQO: 0.0008, Acc: 0.5661
2025-11-14 20:05:07,195 | INFO | [Art] New best val acc: 0.5661
2025-11-15 00:03:33,396 | INFO | [Art] Epoch 5/5 | Train - Loss: 0.0679, Cls: 0.0653, GRQO: 0.0026, Acc: 0.9873 | Val - Loss: 1.8649, Cls: 1.8643, GRQO: 0.0006, Acc: 0.5653
2025-11-15 00:03:33,396 | INFO | [Art] Best Acc: 0.5661
2025-11-15 00:03:33,396 | INFO | ------------------------------------------------------------
2025-11-15 00:03:33,548 | INFO | === LODO: Leaving out domain 'Clipart' ===
2025-11-15 00:05:08,278 | INFO | [Clipart] Epoch 1/5 | Train - Loss: 2.5157, Cls: 2.5072, GRQO: 0.0086, Acc: 0.4685 | Val - Loss: 2.3770, Cls: 2.3746, GRQO: 0.0024, Acc: 0.4211
2025-11-15 00:05:08,357 | INFO | [Clipart] New best val acc: 0.4211
2025-11-15 00:06:37,521 | INFO | [Clipart] Epoch 2/5 | Train - Loss: 0.7819, Cls: 0.7780, GRQO: 0.0039, Acc: 0.8262 | Val - Loss: 2.2248, Cls: 2.2229, GRQO: 0.0019, Acc: 0.4696
2025-11-15 00:06:37,609 | INFO | [Clipart] New best val acc: 0.4696
2025-11-15 00:08:06,945 | INFO | [Clipart] Epoch 3/5 | Train - Loss: 0.2909, Cls: 0.2876, GRQO: 0.0033, Acc: 0.9401 | Val - Loss: 2.3651, Cls: 2.3638, GRQO: 0.0013, Acc: 0.4543
2025-11-15 00:09:34,947 | INFO | [Clipart] Epoch 4/5 | Train - Loss: 0.1105, Cls: 0.1076, GRQO: 0.0029, Acc: 0.9841 | Val - Loss: 2.2718, Cls: 2.2707, GRQO: 0.0011, Acc: 0.4825
2025-11-15 00:09:35,008 | INFO | [Clipart] New best val acc: 0.4825
2025-11-15 00:11:01,868 | INFO | [Clipart] Epoch 5/5 | Train - Loss: 0.0528, Cls: 0.0502, GRQO: 0.0026, Acc: 0.9938 | Val - Loss: 2.3878, Cls: 2.3869, GRQO: 0.0010, Acc: 0.4726
2025-11-15 00:11:01,868 | INFO | [Clipart] Best Acc: 0.4825
2025-11-15 00:11:01,869 | INFO | ------------------------------------------------------------
2025-11-15 00:11:01,972 | INFO | === LODO: Leaving out domain 'Product' ===
2025-11-15 00:12:30,328 | INFO | [Product] Epoch 1/5 | Train - Loss: 2.8003, Cls: 2.7920, GRQO: 0.0083, Acc: 0.3695 | Val - Loss: 1.6590, Cls: 1.6573, GRQO: 0.0018, Acc: 0.5711
2025-11-15 00:12:30,388 | INFO | [Product] New best val acc: 0.5711
2025-11-15 00:13:57,002 | INFO | [Product] Epoch 2/5 | Train - Loss: 1.0282, Cls: 1.0242, GRQO: 0.0040, Acc: 0.7574 | Val - Loss: 1.2004, Cls: 1.1993, GRQO: 0.0011, Acc: 0.6952
2025-11-15 00:13:57,066 | INFO | [Product] New best val acc: 0.6952
2025-11-15 00:15:22,380 | INFO | [Product] Epoch 3/5 | Train - Loss: 0.4277, Cls: 0.4243, GRQO: 0.0034, Acc: 0.9083 | Val - Loss: 1.1581, Cls: 1.1571, GRQO: 0.0009, Acc: 0.7029
2025-11-15 00:15:22,444 | INFO | [Product] New best val acc: 0.7029
2025-11-15 00:16:48,143 | INFO | [Product] Epoch 4/5 | Train - Loss: 0.1798, Cls: 0.1768, GRQO: 0.0030, Acc: 0.9678 | Val - Loss: 1.1246, Cls: 1.1239, GRQO: 0.0007, Acc: 0.7148
2025-11-15 00:16:48,207 | INFO | [Product] New best val acc: 0.7148
2025-11-15 00:18:11,449 | INFO | [Product] Epoch 5/5 | Train - Loss: 0.0916, Cls: 0.0891, GRQO: 0.0026, Acc: 0.9844 | Val - Loss: 1.1502, Cls: 1.1497, GRQO: 0.0005, Acc: 0.7166
2025-11-15 00:18:11,514 | INFO | [Product] New best val acc: 0.7166
2025-11-15 00:18:11,515 | INFO | [Product] Best Acc: 0.7166
2025-11-15 00:18:11,515 | INFO | ------------------------------------------------------------
2025-11-15 00:18:11,625 | INFO | === LODO: Leaving out domain 'Real World' ===
2025-11-15 00:19:34,074 | INFO | [Real World] Epoch 1/5 | Train - Loss: 2.7712, Cls: 2.7624, GRQO: 0.0088, Acc: 0.3889 | Val - Loss: 1.5349, Cls: 1.5326, GRQO: 0.0023, Acc: 0.6241
2025-11-15 00:19:34,129 | INFO | [Real World] New best val acc: 0.6241
2025-11-15 00:20:55,588 | INFO | [Real World] Epoch 2/5 | Train - Loss: 0.9393, Cls: 0.9350, GRQO: 0.0043, Acc: 0.7881 | Val - Loss: 1.0695, Cls: 1.0683, GRQO: 0.0012, Acc: 0.7136
2025-11-15 00:20:55,651 | INFO | [Real World] New best val acc: 0.7136
2025-11-15 00:22:17,526 | INFO | [Real World] Epoch 3/5 | Train - Loss: 0.3611, Cls: 0.3576, GRQO: 0.0036, Acc: 0.9249 | Val - Loss: 1.0741, Cls: 1.0733, GRQO: 0.0008, Acc: 0.7177
2025-11-15 00:22:17,592 | INFO | [Real World] New best val acc: 0.7177
2025-11-15 00:23:43,682 | INFO | [Real World] Epoch 4/5 | Train - Loss: 0.1449, Cls: 0.1418, GRQO: 0.0031, Acc: 0.9748 | Val - Loss: 1.0526, Cls: 1.0520, GRQO: 0.0007, Acc: 0.7333
2025-11-15 00:23:43,740 | INFO | [Real World] New best val acc: 0.7333
2025-11-15 00:25:07,239 | INFO | [Real World] Epoch 5/5 | Train - Loss: 0.0770, Cls: 0.0743, GRQO: 0.0027, Acc: 0.9869 | Val - Loss: 1.0565, Cls: 1.0560, GRQO: 0.0005, Acc: 0.7356
2025-11-15 00:25:07,306 | INFO | [Real World] New best val acc: 0.7356
2025-11-15 00:25:07,306 | INFO | [Real World] Best Acc: 0.7356
2025-11-15 00:25:07,306 | INFO | ------------------------------------------------------------
2025-11-15 00:25:07,306 | INFO | LODO finished | Mean Acc: 0.6252 | Summary saved to d:\Haseeb\SPROJ\GRQO\Vit-GRQO\resnet18_experiments\OfficeHome\logs\lodo_summary_20251115_002507.json
2025-11-15 00:25:07,318 | INFO | Initializing ResNet baseline: resnet18
2025-11-15 00:25:07,389 | INFO | === Baseline LODO: Leaving out domain 'Art' ===
2025-11-15 00:26:29,902 | INFO | [Art] Epoch 1/5 | Train - Loss: 2.2091, Acc: 0.5287 | Val Acc: 0.4891
2025-11-15 00:27:52,161 | INFO | [Art] Epoch 2/5 | Train - Loss: 0.8353, Acc: 0.8367 | Val Acc: 0.5315
2025-11-15 00:29:14,120 | INFO | [Art] Epoch 3/5 | Train - Loss: 0.4118, Acc: 0.9287 | Val Acc: 0.5624
2025-11-15 00:30:35,812 | INFO | [Art] Epoch 4/5 | Train - Loss: 0.1982, Acc: 0.9714 | Val Acc: 0.5637
2025-11-15 00:31:56,740 | INFO | [Art] Epoch 5/5 | Train - Loss: 0.1057, Acc: 0.9842 | Val Acc: 0.5756
2025-11-15 00:31:56,740 | INFO | [Art] Best Val Acc: 0.5756
2025-11-15 00:31:56,741 | INFO | ------------------------------------------------------------
2025-11-15 00:31:56,741 | INFO | Initializing ResNet baseline: resnet18
2025-11-15 00:31:56,818 | INFO | === Baseline LODO: Leaving out domain 'Clipart' ===
2025-11-15 00:33:17,558 | INFO | [Clipart] Epoch 1/5 | Train - Loss: 2.2723, Acc: 0.5214 | Val Acc: 0.3874
2025-11-15 00:34:38,842 | INFO | [Clipart] Epoch 2/5 | Train - Loss: 0.8663, Acc: 0.8270 | Val Acc: 0.4438
2025-11-15 00:36:00,327 | INFO | [Clipart] Epoch 3/5 | Train - Loss: 0.4268, Acc: 0.9300 | Val Acc: 0.4486
2025-11-15 00:37:21,858 | INFO | [Clipart] Epoch 4/5 | Train - Loss: 0.2004, Acc: 0.9769 | Val Acc: 0.4566
2025-11-15 00:38:43,268 | INFO | [Clipart] Epoch 5/5 | Train - Loss: 0.0939, Acc: 0.9922 | Val Acc: 0.4598
2025-11-15 00:38:43,268 | INFO | [Clipart] Best Val Acc: 0.4598
2025-11-15 00:38:43,268 | INFO | ------------------------------------------------------------
2025-11-15 00:38:43,268 | INFO | Initializing ResNet baseline: resnet18
2025-11-15 00:38:43,373 | INFO | === Baseline LODO: Leaving out domain 'Product' ===
2025-11-15 00:40:10,408 | INFO | [Product] Epoch 1/5 | Train - Loss: 2.5636, Acc: 0.4486 | Val Acc: 0.6159
2025-11-15 00:41:36,109 | INFO | [Product] Epoch 2/5 | Train - Loss: 1.1011, Acc: 0.7814 | Val Acc: 0.6862
2025-11-15 00:43:01,832 | INFO | [Product] Epoch 3/5 | Train - Loss: 0.5897, Acc: 0.8941 | Val Acc: 0.7218
2025-11-15 00:44:26,633 | INFO | [Product] Epoch 4/5 | Train - Loss: 0.3060, Acc: 0.9557 | Val Acc: 0.7270
2025-11-15 00:45:49,038 | INFO | [Product] Epoch 5/5 | Train - Loss: 0.1612, Acc: 0.9812 | Val Acc: 0.7303
2025-11-15 00:45:49,038 | INFO | [Product] Best Val Acc: 0.7303
2025-11-15 00:45:49,038 | INFO | ------------------------------------------------------------
2025-11-15 00:45:49,040 | INFO | Initializing ResNet baseline: resnet18
2025-11-15 00:45:49,115 | INFO | === Baseline LODO: Leaving out domain 'Real World' ===
2025-11-15 00:47:11,831 | INFO | [Real World] Epoch 1/5 | Train - Loss: 2.4763, Acc: 0.4771 | Val Acc: 0.6408
2025-11-15 00:48:34,012 | INFO | [Real World] Epoch 2/5 | Train - Loss: 1.0295, Acc: 0.8048 | Val Acc: 0.7237
2025-11-15 00:49:57,411 | INFO | [Real World] Epoch 3/5 | Train - Loss: 0.5274, Acc: 0.9094 | Val Acc: 0.7475
2025-11-15 00:51:20,292 | INFO | [Real World] Epoch 4/5 | Train - Loss: 0.2626, Acc: 0.9649 | Val Acc: 0.7498
2025-11-15 00:52:42,682 | INFO | [Real World] Epoch 5/5 | Train - Loss: 0.1319, Acc: 0.9844 | Val Acc: 0.7501
2025-11-15 00:52:42,682 | INFO | [Real World] Best Val Acc: 0.7501
2025-11-15 00:52:42,682 | INFO | ------------------------------------------------------------
2025-11-15 00:52:42,684 | INFO | Baseline LODO (resnet18) finished | Mean Acc: 0.6290
