2025-10-20 13:10:08,417 | INFO | Initialized experiment directories for TerraIncognita
2025-10-20 13:10:08,417 | INFO | Logs: c:\Users\Fatim_Sproj\Desktop\Fatim\Spring 2025\sproj\Visual-Reasoning\Vit-GRQO\vit-small\TerraIncognita\logs
2025-10-20 13:10:08,417 | INFO | Checkpoints: c:\Users\Fatim_Sproj\Desktop\Fatim\Spring 2025\sproj\Visual-Reasoning\Vit-GRQO\vit-small\TerraIncognita\checkpoints
2025-10-20 13:10:08,417 | INFO | Plots: c:\Users\Fatim_Sproj\Desktop\Fatim\Spring 2025\sproj\Visual-Reasoning\Vit-GRQO\vit-small\TerraIncognita\plots
2025-10-20 13:10:12,049 | INFO | === LODO: Leaving out domain 'location_38' ===
2025-10-20 13:13:01,287 | INFO | [location_38] Epoch 1/5 | Train - Loss: 1.0538, Cls: 1.0483, GRQO: 0.0055, Acc: 0.6296 | Val - Loss: 1.9390, Cls: 1.9382, GRQO: 0.0008, Acc: 0.4156
2025-10-20 13:13:01,384 | INFO | [location_38] New best val acc: 0.4156
2025-10-20 13:15:35,231 | INFO | [location_38] Epoch 2/5 | Train - Loss: 0.4947, Cls: 0.4923, GRQO: 0.0023, Acc: 0.8346 | Val - Loss: 2.7346, Cls: 2.7342, GRQO: 0.0005, Acc: 0.3147
2025-10-20 13:18:10,565 | INFO | [location_38] Epoch 3/5 | Train - Loss: 0.2995, Cls: 0.2975, GRQO: 0.0020, Acc: 0.9009 | Val - Loss: 2.7498, Cls: 2.7494, GRQO: 0.0004, Acc: 0.3645
2025-10-20 13:20:43,898 | INFO | [location_38] Epoch 4/5 | Train - Loss: 0.2008, Cls: 0.1991, GRQO: 0.0018, Acc: 0.9320 | Val - Loss: 3.4377, Cls: 3.4373, GRQO: 0.0003, Acc: 0.2764
2025-10-20 13:23:35,666 | INFO | [location_38] Epoch 5/5 | Train - Loss: 0.1420, Cls: 0.1404, GRQO: 0.0016, Acc: 0.9524 | Val - Loss: 3.1754, Cls: 3.1751, GRQO: 0.0003, Acc: 0.3581
2025-10-20 13:23:35,666 | INFO | [location_38] Best Acc: 0.4156
2025-10-20 13:23:35,666 | INFO | ------------------------------------------------------------
2025-10-20 13:23:36,720 | INFO | === LODO: Leaving out domain 'location_43' ===
2025-10-20 13:26:34,510 | INFO | [location_43] Epoch 1/5 | Train - Loss: 0.8404, Cls: 0.8361, GRQO: 0.0043, Acc: 0.7167 | Val - Loss: 1.9833, Cls: 1.9825, GRQO: 0.0008, Acc: 0.3888
2025-10-20 13:26:34,692 | INFO | [location_43] New best val acc: 0.3888
2025-10-20 13:30:10,615 | INFO | [location_43] Epoch 2/5 | Train - Loss: 0.4025, Cls: 0.4003, GRQO: 0.0022, Acc: 0.8684 | Val - Loss: 1.7610, Cls: 1.7605, GRQO: 0.0005, Acc: 0.4791
2025-10-20 13:30:10,730 | INFO | [location_43] New best val acc: 0.4791
2025-10-20 13:32:50,410 | INFO | [location_43] Epoch 3/5 | Train - Loss: 0.2494, Cls: 0.2477, GRQO: 0.0017, Acc: 0.9183 | Val - Loss: 1.6931, Cls: 1.6929, GRQO: 0.0002, Acc: 0.4990
2025-10-20 13:32:50,515 | INFO | [location_43] New best val acc: 0.4990
2025-10-20 13:35:33,682 | INFO | [location_43] Epoch 4/5 | Train - Loss: 0.1712, Cls: 0.1698, GRQO: 0.0015, Acc: 0.9441 | Val - Loss: 1.9584, Cls: 1.9583, GRQO: 0.0002, Acc: 0.4647
2025-10-20 13:38:17,208 | INFO | [location_43] Epoch 5/5 | Train - Loss: 0.1300, Cls: 0.1288, GRQO: 0.0012, Acc: 0.9577 | Val - Loss: 2.0672, Cls: 2.0670, GRQO: 0.0002, Acc: 0.4570
2025-10-20 13:38:17,208 | INFO | [location_43] Best Acc: 0.4990
2025-10-20 13:38:17,208 | INFO | ------------------------------------------------------------
2025-10-20 13:38:18,503 | INFO | === LODO: Leaving out domain 'location_46' ===
2025-10-20 13:40:59,078 | INFO | [location_46] Epoch 1/5 | Train - Loss: 0.8697, Cls: 0.8651, GRQO: 0.0046, Acc: 0.7087 | Val - Loss: 1.7366, Cls: 1.7353, GRQO: 0.0013, Acc: 0.3690
2025-10-20 13:40:59,195 | INFO | [location_46] New best val acc: 0.3690
2025-10-20 13:43:39,957 | INFO | [location_46] Epoch 2/5 | Train - Loss: 0.4003, Cls: 0.3981, GRQO: 0.0022, Acc: 0.8692 | Val - Loss: 2.1797, Cls: 2.1790, GRQO: 0.0007, Acc: 0.3981
2025-10-20 13:43:40,078 | INFO | [location_46] New best val acc: 0.3981
2025-10-20 13:46:20,294 | INFO | [location_46] Epoch 3/5 | Train - Loss: 0.2485, Cls: 0.2467, GRQO: 0.0018, Acc: 0.9189 | Val - Loss: 2.2443, Cls: 2.2439, GRQO: 0.0005, Acc: 0.4072
2025-10-20 13:46:20,394 | INFO | [location_46] New best val acc: 0.4072
2025-10-20 13:49:02,395 | INFO | [location_46] Epoch 4/5 | Train - Loss: 0.1572, Cls: 0.1556, GRQO: 0.0016, Acc: 0.9480 | Val - Loss: 2.5249, Cls: 2.5245, GRQO: 0.0004, Acc: 0.3713
2025-10-20 13:51:42,610 | INFO | [location_46] Epoch 5/5 | Train - Loss: 0.1199, Cls: 0.1185, GRQO: 0.0013, Acc: 0.9596 | Val - Loss: 2.3722, Cls: 2.3719, GRQO: 0.0003, Acc: 0.4102
2025-10-20 13:51:42,710 | INFO | [location_46] New best val acc: 0.4102
2025-10-20 13:51:42,710 | INFO | [location_46] Best Acc: 0.4102
2025-10-20 13:51:42,710 | INFO | ------------------------------------------------------------
2025-10-20 13:51:43,741 | INFO | === LODO: Leaving out domain 'location_100' ===
2025-10-20 13:54:25,757 | INFO | [location_100] Epoch 1/5 | Train - Loss: 1.0066, Cls: 1.0024, GRQO: 0.0041, Acc: 0.6550 | Val - Loss: 1.6652, Cls: 1.6643, GRQO: 0.0009, Acc: 0.4792
2025-10-20 13:54:25,858 | INFO | [location_100] New best val acc: 0.4792
2025-10-20 13:57:19,292 | INFO | [location_100] Epoch 2/5 | Train - Loss: 0.4763, Cls: 0.4742, GRQO: 0.0021, Acc: 0.8420 | Val - Loss: 1.7856, Cls: 1.7849, GRQO: 0.0007, Acc: 0.4765
2025-10-20 14:03:58,897 | INFO | [location_100] Epoch 3/5 | Train - Loss: 0.3024, Cls: 0.3007, GRQO: 0.0017, Acc: 0.8995 | Val - Loss: 1.6947, Cls: 1.6943, GRQO: 0.0004, Acc: 0.5819
2025-10-20 14:03:59,115 | INFO | [location_100] New best val acc: 0.5819
2025-10-20 14:09:36,458 | INFO | [location_100] Epoch 4/5 | Train - Loss: 0.2088, Cls: 0.2073, GRQO: 0.0015, Acc: 0.9290 | Val - Loss: 2.0772, Cls: 2.0768, GRQO: 0.0003, Acc: 0.5038
2025-10-20 14:12:16,573 | INFO | [location_100] Epoch 5/5 | Train - Loss: 0.1594, Cls: 0.1581, GRQO: 0.0012, Acc: 0.9460 | Val - Loss: 2.3089, Cls: 2.3086, GRQO: 0.0003, Acc: 0.5042
2025-10-20 14:12:16,574 | INFO | [location_100] Best Acc: 0.5819
2025-10-20 14:12:16,574 | INFO | ------------------------------------------------------------
2025-10-20 14:12:16,575 | INFO | LODO finished | Mean Acc: 0.4767 | Summary saved to c:\Users\Fatim_Sproj\Desktop\Fatim\Spring 2025\sproj\Visual-Reasoning\Vit-GRQO\vit-small\TerraIncognita\logs\lodo_summary_20251020_141216.json
2025-10-20 14:12:16,593 | INFO | Initializing ViT baseline: WinKawaks/vit-small-patch16-224
2025-10-20 14:12:17,623 | INFO | === Baseline LODO: Leaving out domain 'location_38' ===
2025-10-20 14:14:48,600 | INFO | [location_38] Epoch 1/5 | Train - Loss: 0.8359, Acc: 0.7085 | Val Acc: 0.3450
2025-10-20 14:17:19,944 | INFO | [location_38] Epoch 2/5 | Train - Loss: 0.3421, Acc: 0.8856 | Val Acc: 0.3450
2025-10-20 14:19:51,641 | INFO | [location_38] Epoch 3/5 | Train - Loss: 0.2020, Acc: 0.9304 | Val Acc: 0.2874
2025-10-20 14:22:22,507 | INFO | [location_38] Epoch 4/5 | Train - Loss: 0.1524, Acc: 0.9484 | Val Acc: 0.3334
2025-10-20 14:24:53,756 | INFO | [location_38] Epoch 5/5 | Train - Loss: 0.1130, Acc: 0.9619 | Val Acc: 0.3681
2025-10-20 14:24:53,756 | INFO | [location_38] Best Val Acc: 0.3681
2025-10-20 14:24:53,757 | INFO | ------------------------------------------------------------
2025-10-20 14:24:53,757 | INFO | Initializing ViT baseline: WinKawaks/vit-small-patch16-224
2025-10-20 14:24:55,120 | INFO | === Baseline LODO: Leaving out domain 'location_43' ===
2025-10-20 14:29:19,820 | INFO | [location_43] Epoch 1/5 | Train - Loss: 0.7347, Acc: 0.7509 | Val Acc: 0.3637
2025-10-20 14:32:23,102 | INFO | [location_43] Epoch 2/5 | Train - Loss: 0.3046, Acc: 0.8994 | Val Acc: 0.4495
2025-10-20 14:34:57,054 | INFO | [location_43] Epoch 3/5 | Train - Loss: 0.1906, Acc: 0.9374 | Val Acc: 0.4828
2025-10-20 14:37:31,702 | INFO | [location_43] Epoch 4/5 | Train - Loss: 0.1291, Acc: 0.9572 | Val Acc: 0.4714
2025-10-20 14:40:06,120 | INFO | [location_43] Epoch 5/5 | Train - Loss: 0.1017, Acc: 0.9667 | Val Acc: 0.4219
2025-10-20 14:40:06,120 | INFO | [location_43] Best Val Acc: 0.4828
2025-10-20 14:40:06,120 | INFO | ------------------------------------------------------------
2025-10-20 14:40:06,120 | INFO | Initializing ViT baseline: WinKawaks/vit-small-patch16-224
2025-10-20 14:40:08,121 | INFO | === Baseline LODO: Leaving out domain 'location_46' ===
2025-10-20 14:42:41,550 | INFO | [location_46] Epoch 1/5 | Train - Loss: 0.6969, Acc: 0.7665 | Val Acc: 0.4314
2025-10-20 14:45:15,284 | INFO | [location_46] Epoch 2/5 | Train - Loss: 0.2597, Acc: 0.9146 | Val Acc: 0.3589
2025-10-20 14:47:51,100 | INFO | [location_46] Epoch 3/5 | Train - Loss: 0.1429, Acc: 0.9547 | Val Acc: 0.4219
2025-10-20 14:50:26,532 | INFO | [location_46] Epoch 4/5 | Train - Loss: 0.1000, Acc: 0.9668 | Val Acc: 0.3729
2025-10-20 14:53:02,066 | INFO | [location_46] Epoch 5/5 | Train - Loss: 0.0907, Acc: 0.9699 | Val Acc: 0.3755
2025-10-20 14:53:02,081 | INFO | [location_46] Best Val Acc: 0.4314
2025-10-20 14:53:02,081 | INFO | ------------------------------------------------------------
2025-10-20 14:53:02,081 | INFO | Initializing ViT baseline: WinKawaks/vit-small-patch16-224
2025-10-20 14:53:05,681 | INFO | === Baseline LODO: Leaving out domain 'location_100' ===
2025-10-20 14:55:43,047 | INFO | [location_100] Epoch 1/5 | Train - Loss: 0.8064, Acc: 0.7271 | Val Acc: 0.5792
2025-10-20 14:58:20,597 | INFO | [location_100] Epoch 2/5 | Train - Loss: 0.3289, Acc: 0.8866 | Val Acc: 0.5977
2025-10-20 15:00:59,398 | INFO | [location_100] Epoch 3/5 | Train - Loss: 0.1956, Acc: 0.9341 | Val Acc: 0.5725
2025-10-20 15:03:35,073 | INFO | [location_100] Epoch 4/5 | Train - Loss: 0.1426, Acc: 0.9516 | Val Acc: 0.5809
2025-10-20 15:06:11,865 | INFO | [location_100] Epoch 5/5 | Train - Loss: 0.1188, Acc: 0.9593 | Val Acc: 0.4778
2025-10-20 15:06:11,865 | INFO | [location_100] Best Val Acc: 0.5977
2025-10-20 15:06:11,865 | INFO | ------------------------------------------------------------
2025-10-20 15:06:11,865 | INFO | Baseline LODO (WinKawaks/vit-small-patch16-224) finished | Mean Acc: 0.4700
