2025-10-10 17:51:34,890 | INFO | Initialized experiment directories for OfficeHome
2025-10-10 17:51:34,892 | INFO | Logs: c:\Users\Fatim_Sproj\Desktop\Fatim\Spring 2025\sproj\Visual-Reasoning\Vit-GRQO\resnet\OfficeHome\logs
2025-10-10 17:51:34,892 | INFO | Checkpoints: c:\Users\Fatim_Sproj\Desktop\Fatim\Spring 2025\sproj\Visual-Reasoning\Vit-GRQO\resnet\OfficeHome\checkpoints
2025-10-10 17:51:34,892 | INFO | Plots: c:\Users\Fatim_Sproj\Desktop\Fatim\Spring 2025\sproj\Visual-Reasoning\Vit-GRQO\resnet\OfficeHome\plots
2025-10-10 17:51:35,271 | INFO | === LODO: Leaving out domain 'Art' ===
2025-10-10 17:52:23,127 | INFO | [Art] Epoch 1/5 | Train - Loss: 2.4442, Cls: 2.4358, GRQO: 0.0084, Acc: 0.4679 | Val - Loss: 1.9780, Cls: 1.9755, GRQO: 0.0025, Acc: 0.5262
2025-10-10 17:52:23,304 | INFO | [Art] New best val acc: 0.5262
2025-10-10 17:53:11,667 | INFO | [Art] Epoch 2/5 | Train - Loss: 0.7455, Cls: 0.7413, GRQO: 0.0042, Acc: 0.8268 | Val - Loss: 1.8144, Cls: 1.8128, GRQO: 0.0015, Acc: 0.5501
2025-10-10 17:53:11,778 | INFO | [Art] New best val acc: 0.5501
2025-10-10 17:54:00,429 | INFO | [Art] Epoch 3/5 | Train - Loss: 0.2899, Cls: 0.2864, GRQO: 0.0035, Acc: 0.9377 | Val - Loss: 1.8551, Cls: 1.8541, GRQO: 0.0010, Acc: 0.5459
2025-10-10 17:54:48,742 | INFO | [Art] Epoch 4/5 | Train - Loss: 0.1241, Cls: 0.1211, GRQO: 0.0030, Acc: 0.9773 | Val - Loss: 1.8404, Cls: 1.8397, GRQO: 0.0007, Acc: 0.5715
2025-10-10 17:54:48,941 | INFO | [Art] New best val acc: 0.5715
2025-10-10 17:55:25,287 | INFO | [Art] Epoch 5/5 | Train - Loss: 0.0678, Cls: 0.0652, GRQO: 0.0026, Acc: 0.9883 | Val - Loss: 1.8458, Cls: 1.8452, GRQO: 0.0006, Acc: 0.5715
2025-10-10 17:55:25,287 | INFO | [Art] Best Acc: 0.5715
2025-10-10 17:55:25,287 | INFO | ------------------------------------------------------------
2025-10-10 17:55:25,404 | INFO | === LODO: Leaving out domain 'Clipart' ===
2025-10-10 17:56:01,002 | INFO | [Clipart] Epoch 1/5 | Train - Loss: 2.5141, Cls: 2.5054, GRQO: 0.0087, Acc: 0.4689 | Val - Loss: 2.3610, Cls: 2.3588, GRQO: 0.0022, Acc: 0.4296
2025-10-10 17:56:01,069 | INFO | [Clipart] New best val acc: 0.4296
2025-10-10 17:56:37,237 | INFO | [Clipart] Epoch 2/5 | Train - Loss: 0.7846, Cls: 0.7807, GRQO: 0.0039, Acc: 0.8209 | Val - Loss: 2.1789, Cls: 2.1771, GRQO: 0.0018, Acc: 0.4754
2025-10-10 17:56:37,305 | INFO | [Clipart] New best val acc: 0.4754
2025-10-10 17:57:13,137 | INFO | [Clipart] Epoch 3/5 | Train - Loss: 0.2903, Cls: 0.2870, GRQO: 0.0033, Acc: 0.9423 | Val - Loss: 2.3075, Cls: 2.3062, GRQO: 0.0013, Acc: 0.4708
2025-10-10 17:57:52,152 | INFO | [Clipart] Epoch 4/5 | Train - Loss: 0.1090, Cls: 0.1061, GRQO: 0.0029, Acc: 0.9846 | Val - Loss: 2.2642, Cls: 2.2631, GRQO: 0.0011, Acc: 0.4910
2025-10-10 17:57:52,220 | INFO | [Clipart] New best val acc: 0.4910
2025-10-10 17:58:27,786 | INFO | [Clipart] Epoch 5/5 | Train - Loss: 0.0510, Cls: 0.0485, GRQO: 0.0026, Acc: 0.9939 | Val - Loss: 2.3484, Cls: 2.3474, GRQO: 0.0010, Acc: 0.4836
2025-10-10 17:58:27,786 | INFO | [Clipart] Best Acc: 0.4910
2025-10-10 17:58:27,786 | INFO | ------------------------------------------------------------
2025-10-10 17:58:27,920 | INFO | === LODO: Leaving out domain 'Product' ===
2025-10-10 17:59:04,387 | INFO | [Product] Epoch 1/5 | Train - Loss: 2.8097, Cls: 2.8011, GRQO: 0.0086, Acc: 0.3678 | Val - Loss: 1.6736, Cls: 1.6717, GRQO: 0.0019, Acc: 0.5686
2025-10-10 17:59:04,465 | INFO | [Product] New best val acc: 0.5686
2025-10-10 17:59:40,805 | INFO | [Product] Epoch 2/5 | Train - Loss: 1.0346, Cls: 1.0305, GRQO: 0.0041, Acc: 0.7603 | Val - Loss: 1.1755, Cls: 1.1744, GRQO: 0.0012, Acc: 0.6948
2025-10-10 17:59:40,873 | INFO | [Product] New best val acc: 0.6948
2025-10-10 18:00:16,570 | INFO | [Product] Epoch 3/5 | Train - Loss: 0.4291, Cls: 0.4256, GRQO: 0.0034, Acc: 0.9063 | Val - Loss: 1.1263, Cls: 1.1253, GRQO: 0.0010, Acc: 0.7098
2025-10-10 18:00:16,639 | INFO | [Product] New best val acc: 0.7098
2025-10-10 18:00:52,760 | INFO | [Product] Epoch 4/5 | Train - Loss: 0.1782, Cls: 0.1752, GRQO: 0.0030, Acc: 0.9691 | Val - Loss: 1.1180, Cls: 1.1173, GRQO: 0.0007, Acc: 0.7121
2025-10-10 18:00:52,825 | INFO | [Product] New best val acc: 0.7121
2025-10-10 18:01:29,170 | INFO | [Product] Epoch 5/5 | Train - Loss: 0.0938, Cls: 0.0912, GRQO: 0.0026, Acc: 0.9826 | Val - Loss: 1.1368, Cls: 1.1362, GRQO: 0.0006, Acc: 0.7116
2025-10-10 18:01:29,170 | INFO | [Product] Best Acc: 0.7121
2025-10-10 18:01:29,170 | INFO | ------------------------------------------------------------
2025-10-10 18:01:29,286 | INFO | === LODO: Leaving out domain 'Real World' ===
2025-10-10 18:02:07,968 | INFO | [Real World] Epoch 1/5 | Train - Loss: 2.7682, Cls: 2.7594, GRQO: 0.0088, Acc: 0.3900 | Val - Loss: 1.5209, Cls: 1.5186, GRQO: 0.0023, Acc: 0.6342
2025-10-10 18:02:08,021 | INFO | [Real World] New best val acc: 0.6342
2025-10-10 18:02:47,237 | INFO | [Real World] Epoch 2/5 | Train - Loss: 0.9337, Cls: 0.9293, GRQO: 0.0044, Acc: 0.7925 | Val - Loss: 1.0752, Cls: 1.0739, GRQO: 0.0012, Acc: 0.7110
2025-10-10 18:02:47,304 | INFO | [Real World] New best val acc: 0.7110
2025-10-10 18:03:26,836 | INFO | [Real World] Epoch 3/5 | Train - Loss: 0.3619, Cls: 0.3583, GRQO: 0.0036, Acc: 0.9231 | Val - Loss: 1.0929, Cls: 1.0921, GRQO: 0.0008, Acc: 0.7122
2025-10-10 18:03:26,919 | INFO | [Real World] New best val acc: 0.7122
2025-10-10 18:04:06,554 | INFO | [Real World] Epoch 4/5 | Train - Loss: 0.1503, Cls: 0.1472, GRQO: 0.0031, Acc: 0.9751 | Val - Loss: 1.0561, Cls: 1.0555, GRQO: 0.0007, Acc: 0.7285
2025-10-10 18:04:06,623 | INFO | [Real World] New best val acc: 0.7285
2025-10-10 18:04:46,102 | INFO | [Real World] Epoch 5/5 | Train - Loss: 0.0775, Cls: 0.0748, GRQO: 0.0027, Acc: 0.9860 | Val - Loss: 1.0607, Cls: 1.0602, GRQO: 0.0005, Acc: 0.7315
2025-10-10 18:04:46,174 | INFO | [Real World] New best val acc: 0.7315
2025-10-10 18:04:46,174 | INFO | [Real World] Best Acc: 0.7315
2025-10-10 18:04:46,175 | INFO | ------------------------------------------------------------
2025-10-10 18:04:46,176 | INFO | LODO finished | Mean Acc: 0.6265 | Summary saved to c:\Users\Fatim_Sproj\Desktop\Fatim\Spring 2025\sproj\Visual-Reasoning\Vit-GRQO\resnet\OfficeHome\logs\lodo_summary_20251010_180446.json
2025-10-10 18:04:46,188 | INFO | Initializing ResNet baseline: resnet18
2025-10-10 18:04:46,277 | INFO | === Baseline LODO: Leaving out domain 'Art' ===
2025-10-10 18:05:22,253 | INFO | [Art] Epoch 1/5 | Train - Loss: 2.2092, Acc: 0.5282 | Val Acc: 0.4878
2025-10-10 18:05:59,138 | INFO | [Art] Epoch 2/5 | Train - Loss: 0.8353, Acc: 0.8375 | Val Acc: 0.5373
2025-10-10 18:06:35,536 | INFO | [Art] Epoch 3/5 | Train - Loss: 0.4110, Acc: 0.9289 | Val Acc: 0.5686
2025-10-10 18:07:12,102 | INFO | [Art] Epoch 4/5 | Train - Loss: 0.1974, Acc: 0.9717 | Val Acc: 0.5645
2025-10-10 18:07:48,103 | INFO | [Art] Epoch 5/5 | Train - Loss: 0.1054, Acc: 0.9845 | Val Acc: 0.5744
2025-10-10 18:07:48,103 | INFO | [Art] Best Val Acc: 0.5744
2025-10-10 18:07:48,103 | INFO | ------------------------------------------------------------
2025-10-10 18:07:48,103 | INFO | Initializing ResNet baseline: resnet18
2025-10-10 18:07:48,203 | INFO | === Baseline LODO: Leaving out domain 'Clipart' ===
2025-10-10 18:08:24,369 | INFO | [Clipart] Epoch 1/5 | Train - Loss: 2.2722, Acc: 0.5210 | Val Acc: 0.3879
2025-10-10 18:09:00,537 | INFO | [Clipart] Epoch 2/5 | Train - Loss: 0.8665, Acc: 0.8281 | Val Acc: 0.4431
2025-10-10 18:09:36,802 | INFO | [Clipart] Epoch 3/5 | Train - Loss: 0.4273, Acc: 0.9296 | Val Acc: 0.4486
2025-10-10 18:10:14,352 | INFO | [Clipart] Epoch 4/5 | Train - Loss: 0.2008, Acc: 0.9766 | Val Acc: 0.4564
2025-10-10 18:10:50,769 | INFO | [Clipart] Epoch 5/5 | Train - Loss: 0.0941, Acc: 0.9919 | Val Acc: 0.4584
2025-10-10 18:10:50,784 | INFO | [Clipart] Best Val Acc: 0.4584
2025-10-10 18:10:50,785 | INFO | ------------------------------------------------------------
2025-10-10 18:10:50,785 | INFO | Initializing ResNet baseline: resnet18
2025-10-10 18:10:50,868 | INFO | === Baseline LODO: Leaving out domain 'Product' ===
2025-10-10 18:11:28,786 | INFO | [Product] Epoch 1/5 | Train - Loss: 2.5631, Acc: 0.4498 | Val Acc: 0.6193
2025-10-10 18:12:16,600 | INFO | [Product] Epoch 2/5 | Train - Loss: 1.1009, Acc: 0.7820 | Val Acc: 0.6907
2025-10-10 18:13:04,175 | INFO | [Product] Epoch 3/5 | Train - Loss: 0.5893, Acc: 0.8934 | Val Acc: 0.7222
2025-10-10 18:13:52,691 | INFO | [Product] Epoch 4/5 | Train - Loss: 0.3057, Acc: 0.9554 | Val Acc: 0.7252
2025-10-10 18:14:40,842 | INFO | [Product] Epoch 5/5 | Train - Loss: 0.1611, Acc: 0.9811 | Val Acc: 0.7312
2025-10-10 18:14:40,842 | INFO | [Product] Best Val Acc: 0.7312
2025-10-10 18:14:40,842 | INFO | ------------------------------------------------------------
2025-10-10 18:14:40,842 | INFO | Initializing ResNet baseline: resnet18
2025-10-10 18:14:41,022 | INFO | === Baseline LODO: Leaving out domain 'Real World' ===
2025-10-10 18:15:29,251 | INFO | [Real World] Epoch 1/5 | Train - Loss: 2.4766, Acc: 0.4761 | Val Acc: 0.6401
2025-10-10 18:16:13,053 | INFO | [Real World] Epoch 2/5 | Train - Loss: 1.0293, Acc: 0.8046 | Val Acc: 0.7241
2025-10-10 18:16:59,547 | INFO | [Real World] Epoch 3/5 | Train - Loss: 0.5272, Acc: 0.9096 | Val Acc: 0.7487
2025-10-10 18:17:47,951 | INFO | [Real World] Epoch 4/5 | Train - Loss: 0.2607, Acc: 0.9660 | Val Acc: 0.7505
2025-10-10 18:18:28,610 | INFO | [Real World] Epoch 5/5 | Train - Loss: 0.1321, Acc: 0.9842 | Val Acc: 0.7519
2025-10-10 18:18:28,616 | INFO | [Real World] Best Val Acc: 0.7519
2025-10-10 18:18:28,616 | INFO | ------------------------------------------------------------
2025-10-10 18:18:28,618 | INFO | Baseline LODO (resnet18) finished | Mean Acc: 0.6290
