2025-10-09 00:22:33,966 | INFO | Initialized experiment directories for PACS
2025-10-09 00:22:33,975 | INFO | Logs: d:\Haseeb\SPROJ\GRQO\Vit-GRQO\vit-tiny\PACS\logs
2025-10-09 00:22:33,975 | INFO | Checkpoints: d:\Haseeb\SPROJ\GRQO\Vit-GRQO\vit-tiny\PACS\checkpoints
2025-10-09 00:22:33,975 | INFO | Plots: d:\Haseeb\SPROJ\GRQO\Vit-GRQO\vit-tiny\PACS\plots
2025-10-09 00:22:34,875 | INFO | 
=== LODO: Leaving out domain 'art_painting' ===
2025-10-09 00:23:03,430 | INFO | [art_painting] Epoch 1/5 | Train - Loss: 1.1474, Cls: 1.1362, GRQO: 0.0112, Acc: 0.5987 | Val - Loss: 0.8110, Cls: 0.8077, GRQO: 0.0033, Acc: 0.7415
2025-10-09 00:23:03,473 | INFO | [art_painting] New best val acc: 0.7415
2025-10-09 00:23:31,144 | INFO | [art_painting] Epoch 2/5 | Train - Loss: 0.3365, Cls: 0.3322, GRQO: 0.0043, Acc: 0.8889 | Val - Loss: 0.6581, Cls: 0.6560, GRQO: 0.0020, Acc: 0.7976
2025-10-09 00:23:31,185 | INFO | [art_painting] New best val acc: 0.7976
2025-10-09 00:23:59,716 | INFO | [art_painting] Epoch 3/5 | Train - Loss: 0.1281, Cls: 0.1245, GRQO: 0.0036, Acc: 0.9622 | Val - Loss: 0.7238, Cls: 0.7224, GRQO: 0.0014, Acc: 0.7829
2025-10-09 00:24:26,952 | INFO | [art_painting] Epoch 4/5 | Train - Loss: 0.0566, Cls: 0.0534, GRQO: 0.0032, Acc: 0.9868 | Val - Loss: 0.6799, Cls: 0.6788, GRQO: 0.0011, Acc: 0.8098
2025-10-09 00:24:26,993 | INFO | [art_painting] New best val acc: 0.8098
2025-10-09 00:24:55,090 | INFO | [art_painting] Epoch 5/5 | Train - Loss: 0.0332, Cls: 0.0304, GRQO: 0.0029, Acc: 0.9921 | Val - Loss: 0.6308, Cls: 0.6299, GRQO: 0.0009, Acc: 0.8317
2025-10-09 00:24:55,137 | INFO | [art_painting] New best val acc: 0.8317
2025-10-09 00:24:55,137 | INFO | [art_painting] Best Acc: 0.8317
------------------------------------------------------------
2025-10-09 00:24:55,691 | INFO | 
=== LODO: Leaving out domain 'cartoon' ===
2025-10-09 00:25:28,106 | INFO | [cartoon] Epoch 1/5 | Train - Loss: 1.0411, Cls: 1.0319, GRQO: 0.0092, Acc: 0.6490 | Val - Loss: 1.2708, Cls: 1.2686, GRQO: 0.0022, Acc: 0.5736
2025-10-09 00:25:28,147 | INFO | [cartoon] New best val acc: 0.5736
2025-10-09 00:25:57,307 | INFO | [cartoon] Epoch 2/5 | Train - Loss: 0.2860, Cls: 0.2819, GRQO: 0.0041, Acc: 0.9071 | Val - Loss: 0.8056, Cls: 0.8040, GRQO: 0.0017, Acc: 0.7313
2025-10-09 00:25:57,363 | INFO | [cartoon] New best val acc: 0.7313
2025-10-09 00:26:27,494 | INFO | [cartoon] Epoch 3/5 | Train - Loss: 0.1090, Cls: 0.1056, GRQO: 0.0034, Acc: 0.9698 | Val - Loss: 0.8319, Cls: 0.8309, GRQO: 0.0010, Acc: 0.7377
2025-10-09 00:26:27,538 | INFO | [cartoon] New best val acc: 0.7377
2025-10-09 00:26:57,090 | INFO | [cartoon] Epoch 4/5 | Train - Loss: 0.0519, Cls: 0.0490, GRQO: 0.0030, Acc: 0.9868 | Val - Loss: 0.8541, Cls: 0.8532, GRQO: 0.0009, Acc: 0.7569
2025-10-09 00:26:57,137 | INFO | [cartoon] New best val acc: 0.7569
2025-10-09 00:27:27,320 | INFO | [cartoon] Epoch 5/5 | Train - Loss: 0.0204, Cls: 0.0178, GRQO: 0.0027, Acc: 0.9967 | Val - Loss: 1.0198, Cls: 1.0191, GRQO: 0.0006, Acc: 0.7399
2025-10-09 00:27:27,320 | INFO | [cartoon] Best Acc: 0.7569
------------------------------------------------------------
2025-10-09 00:27:28,152 | INFO | 
=== LODO: Leaving out domain 'photo' ===
2025-10-09 00:28:01,670 | INFO | [photo] Epoch 1/5 | Train - Loss: 1.0824, Cls: 1.0724, GRQO: 0.0100, Acc: 0.6220 | Val - Loss: 0.3186, Cls: 0.3155, GRQO: 0.0031, Acc: 0.9341
2025-10-09 00:28:01,721 | INFO | [photo] New best val acc: 0.9341
2025-10-09 00:28:34,514 | INFO | [photo] Epoch 2/5 | Train - Loss: 0.3262, Cls: 0.3221, GRQO: 0.0041, Acc: 0.8936 | Val - Loss: 0.1690, Cls: 0.1674, GRQO: 0.0016, Acc: 0.9521
2025-10-09 00:28:34,559 | INFO | [photo] New best val acc: 0.9521
2025-10-09 00:29:07,135 | INFO | [photo] Epoch 3/5 | Train - Loss: 0.1196, Cls: 0.1162, GRQO: 0.0033, Acc: 0.9650 | Val - Loss: 0.1451, Cls: 0.1441, GRQO: 0.0010, Acc: 0.9521
2025-10-09 00:29:39,557 | INFO | [photo] Epoch 4/5 | Train - Loss: 0.0376, Cls: 0.0347, GRQO: 0.0029, Acc: 0.9923 | Val - Loss: 0.1276, Cls: 0.1270, GRQO: 0.0006, Acc: 0.9581
2025-10-09 00:29:39,600 | INFO | [photo] New best val acc: 0.9581
2025-10-09 00:30:12,584 | INFO | [photo] Epoch 5/5 | Train - Loss: 0.0165, Cls: 0.0140, GRQO: 0.0026, Acc: 0.9979 | Val - Loss: 0.1226, Cls: 0.1221, GRQO: 0.0005, Acc: 0.9641
2025-10-09 00:30:12,644 | INFO | [photo] New best val acc: 0.9641
2025-10-09 00:30:12,644 | INFO | [photo] Best Acc: 0.9641
------------------------------------------------------------
2025-10-09 00:30:13,186 | INFO | 
=== LODO: Leaving out domain 'sketch' ===
2025-10-09 00:30:47,225 | INFO | [sketch] Epoch 1/5 | Train - Loss: 1.1143, Cls: 1.1012, GRQO: 0.0132, Acc: 0.6556 | Val - Loss: 1.0789, Cls: 1.0764, GRQO: 0.0025, Acc: 0.5891
2025-10-09 00:30:47,269 | INFO | [sketch] New best val acc: 0.5891
2025-10-09 00:31:17,849 | INFO | [sketch] Epoch 2/5 | Train - Loss: 0.1884, Cls: 0.1835, GRQO: 0.0049, Acc: 0.9470 | Val - Loss: 1.3466, Cls: 1.3452, GRQO: 0.0014, Acc: 0.5305
2025-10-09 00:31:48,117 | INFO | [sketch] Epoch 3/5 | Train - Loss: 0.0488, Cls: 0.0447, GRQO: 0.0041, Acc: 0.9899 | Val - Loss: 1.5481, Cls: 1.5470, GRQO: 0.0011, Acc: 0.5547
2025-10-09 00:32:18,882 | INFO | [sketch] Epoch 4/5 | Train - Loss: 0.0270, Cls: 0.0234, GRQO: 0.0036, Acc: 0.9963 | Val - Loss: 1.2736, Cls: 1.2728, GRQO: 0.0008, Acc: 0.6476
2025-10-09 00:32:18,933 | INFO | [sketch] New best val acc: 0.6476
2025-10-09 00:32:48,910 | INFO | [sketch] Epoch 5/5 | Train - Loss: 0.0138, Cls: 0.0106, GRQO: 0.0032, Acc: 0.9988 | Val - Loss: 1.4884, Cls: 1.4879, GRQO: 0.0005, Acc: 0.6183
2025-10-09 00:32:48,910 | INFO | [sketch] Best Acc: 0.6476
------------------------------------------------------------
2025-10-09 00:32:48,911 | INFO | LODO finished | Mean Acc: 0.8001 | Summary saved to d:\Haseeb\SPROJ\GRQO\Vit-GRQO\vit-tiny\PACS\logs\lodo_summary_20251009_003248.json
2025-10-09 00:32:48,918 | INFO | Initializing ViT baseline: WinKawaks/vit-tiny-patch16-224
2025-10-09 00:32:49,482 | INFO | 
=== Baseline LODO: Leaving out domain 'art_painting' ===
2025-10-09 00:33:20,108 | INFO | [art_painting] Epoch 1/5 | Train - Loss: 0.6236, Acc: 0.7759 | Val Acc: 0.7634
2025-10-09 00:33:50,965 | INFO | [art_painting] Epoch 2/5 | Train - Loss: 0.1589, Acc: 0.9477 | Val Acc: 0.7829
2025-10-09 00:34:21,648 | INFO | [art_painting] Epoch 3/5 | Train - Loss: 0.0426, Acc: 0.9902 | Val Acc: 0.8341
2025-10-09 00:34:52,496 | INFO | [art_painting] Epoch 4/5 | Train - Loss: 0.0201, Acc: 0.9945 | Val Acc: 0.8195
2025-10-09 00:35:24,140 | INFO | [art_painting] Epoch 5/5 | Train - Loss: 0.0221, Acc: 0.9942 | Val Acc: 0.7976
2025-10-09 00:35:24,140 | INFO | [art_painting] Best Val Acc: 0.8341
------------------------------------------------------------
2025-10-09 00:35:24,140 | INFO | Initializing ViT baseline: WinKawaks/vit-tiny-patch16-224
2025-10-09 00:35:24,698 | INFO | 
=== Baseline LODO: Leaving out domain 'cartoon' ===
2025-10-09 00:35:55,378 | INFO | [cartoon] Epoch 1/5 | Train - Loss: 0.7243, Acc: 0.7299 | Val Acc: 0.7441
2025-10-09 00:36:27,125 | INFO | [cartoon] Epoch 2/5 | Train - Loss: 0.1794, Acc: 0.9374 | Val Acc: 0.7058
2025-10-09 00:36:58,715 | INFO | [cartoon] Epoch 3/5 | Train - Loss: 0.0588, Acc: 0.9814 | Val Acc: 0.7399
2025-10-09 00:37:30,105 | INFO | [cartoon] Epoch 4/5 | Train - Loss: 0.0163, Acc: 0.9962 | Val Acc: 0.7804
2025-10-09 00:38:01,077 | INFO | [cartoon] Epoch 5/5 | Train - Loss: 0.0040, Acc: 0.9997 | Val Acc: 0.7825
2025-10-09 00:38:01,077 | INFO | [cartoon] Best Val Acc: 0.7825
------------------------------------------------------------
2025-10-09 00:38:01,077 | INFO | Initializing ViT baseline: WinKawaks/vit-tiny-patch16-224
2025-10-09 00:38:01,644 | INFO | 
=== Baseline LODO: Leaving out domain 'photo' ===
2025-10-09 00:38:32,164 | INFO | [photo] Epoch 1/5 | Train - Loss: 0.6638, Acc: 0.7580 | Val Acc: 0.9521
2025-10-09 00:39:02,749 | INFO | [photo] Epoch 2/5 | Train - Loss: 0.1394, Acc: 0.9546 | Val Acc: 0.9641
2025-10-09 00:39:33,790 | INFO | [photo] Epoch 3/5 | Train - Loss: 0.0415, Acc: 0.9898 | Val Acc: 0.9671
2025-10-09 00:40:04,709 | INFO | [photo] Epoch 4/5 | Train - Loss: 0.0097, Acc: 0.9988 | Val Acc: 0.9671
2025-10-09 00:40:36,248 | INFO | [photo] Epoch 5/5 | Train - Loss: 0.0063, Acc: 0.9991 | Val Acc: 0.9671
2025-10-09 00:40:36,249 | INFO | [photo] Best Val Acc: 0.9671
------------------------------------------------------------
2025-10-09 00:40:36,249 | INFO | Initializing ViT baseline: WinKawaks/vit-tiny-patch16-224
2025-10-09 00:40:37,204 | INFO | 
=== Baseline LODO: Leaving out domain 'sketch' ===
2025-10-09 00:41:06,699 | INFO | [sketch] Epoch 1/5 | Train - Loss: 0.5139, Acc: 0.8315 | Val Acc: 0.6527
2025-10-09 00:41:36,121 | INFO | [sketch] Epoch 2/5 | Train - Loss: 0.0564, Acc: 0.9858 | Val Acc: 0.5674
2025-10-09 00:42:05,863 | INFO | [sketch] Epoch 3/5 | Train - Loss: 0.0102, Acc: 0.9996 | Val Acc: 0.6209
2025-10-09 00:42:35,070 | INFO | [sketch] Epoch 4/5 | Train - Loss: 0.0027, Acc: 1.0000 | Val Acc: 0.5980
2025-10-09 00:43:03,892 | INFO | [sketch] Epoch 5/5 | Train - Loss: 0.0016, Acc: 1.0000 | Val Acc: 0.6005
2025-10-09 00:43:03,892 | INFO | [sketch] Best Val Acc: 0.6527
------------------------------------------------------------
2025-10-09 00:43:03,892 | INFO | Baseline LODO (WinKawaks/vit-tiny-patch16-224) finished | Mean Acc: 0.8091
