2025-10-10 08:42:26,863 | INFO | Initialized experiment directories for VLCS
2025-10-10 08:42:26,864 | INFO | Logs: c:\Users\Fatim_Sproj\Desktop\Fatim\Spring 2025\sproj\Visual-Reasoning\Vit-GRQO\vit-tiny\VLCS\logs
2025-10-10 08:42:26,864 | INFO | Checkpoints: c:\Users\Fatim_Sproj\Desktop\Fatim\Spring 2025\sproj\Visual-Reasoning\Vit-GRQO\vit-tiny\VLCS\checkpoints
2025-10-10 08:42:26,864 | INFO | Plots: c:\Users\Fatim_Sproj\Desktop\Fatim\Spring 2025\sproj\Visual-Reasoning\Vit-GRQO\vit-tiny\VLCS\plots
2025-10-10 08:42:27,776 | INFO | === LODO: Leaving out domain 'VOC2007' ===
2025-10-10 08:43:23,834 | INFO | [VOC2007] Epoch 1/5 | Train - Loss: 0.6864, Cls: 0.6735, GRQO: 0.0129, Acc: 0.7371 | Val - Loss: 0.6388, Cls: 0.6362, GRQO: 0.0025, Acc: 0.7595
2025-10-10 08:43:23,876 | INFO | [VOC2007] New best val acc: 0.7595
2025-10-10 08:44:24,209 | INFO | [VOC2007] Epoch 2/5 | Train - Loss: 0.3957, Cls: 0.3920, GRQO: 0.0037, Acc: 0.8598 | Val - Loss: 0.6147, Cls: 0.6130, GRQO: 0.0017, Acc: 0.7695
2025-10-10 08:44:24,256 | INFO | [VOC2007] New best val acc: 0.7695
2025-10-10 08:45:24,926 | INFO | [VOC2007] Epoch 3/5 | Train - Loss: 0.2721, Cls: 0.2691, GRQO: 0.0029, Acc: 0.9108 | Val - Loss: 0.6962, Cls: 0.6950, GRQO: 0.0012, Acc: 0.7574
2025-10-10 08:46:25,142 | INFO | [VOC2007] Epoch 4/5 | Train - Loss: 0.1768, Cls: 0.1742, GRQO: 0.0026, Acc: 0.9445 | Val - Loss: 0.6584, Cls: 0.6574, GRQO: 0.0010, Acc: 0.7814
2025-10-10 08:46:25,194 | INFO | [VOC2007] New best val acc: 0.7814
2025-10-10 08:47:26,128 | INFO | [VOC2007] Epoch 5/5 | Train - Loss: 0.1220, Cls: 0.1198, GRQO: 0.0022, Acc: 0.9629 | Val - Loss: 0.7356, Cls: 0.7349, GRQO: 0.0007, Acc: 0.7790
2025-10-10 08:47:26,128 | INFO | [VOC2007] Best Acc: 0.7814
2025-10-10 08:47:26,128 | INFO | ------------------------------------------------------------
2025-10-10 08:47:26,893 | INFO | === LODO: Leaving out domain 'LabelMe' ===
2025-10-10 08:48:29,342 | INFO | [LabelMe] Epoch 1/5 | Train - Loss: 0.6159, Cls: 0.6079, GRQO: 0.0080, Acc: 0.7742 | Val - Loss: 0.9903, Cls: 0.9894, GRQO: 0.0009, Acc: 0.6822
2025-10-10 08:48:29,399 | INFO | [LabelMe] New best val acc: 0.6822
2025-10-10 08:49:31,893 | INFO | [LabelMe] Epoch 2/5 | Train - Loss: 0.2848, Cls: 0.2815, GRQO: 0.0034, Acc: 0.8992 | Val - Loss: 1.5076, Cls: 1.5070, GRQO: 0.0006, Acc: 0.6574
2025-10-10 08:50:34,442 | INFO | [LabelMe] Epoch 3/5 | Train - Loss: 0.1604, Cls: 0.1577, GRQO: 0.0027, Acc: 0.9482 | Val - Loss: 2.1396, Cls: 2.1392, GRQO: 0.0005, Acc: 0.6212
2025-10-10 08:51:36,793 | INFO | [LabelMe] Epoch 4/5 | Train - Loss: 0.1254, Cls: 0.1230, GRQO: 0.0023, Acc: 0.9586 | Val - Loss: 1.9684, Cls: 1.9681, GRQO: 0.0003, Acc: 0.6687
2025-10-10 08:52:38,975 | INFO | [LabelMe] Epoch 5/5 | Train - Loss: 0.0712, Cls: 0.0691, GRQO: 0.0021, Acc: 0.9786 | Val - Loss: 2.3182, Cls: 2.3180, GRQO: 0.0002, Acc: 0.6363
2025-10-10 08:52:38,975 | INFO | [LabelMe] Best Acc: 0.6822
2025-10-10 08:52:38,975 | INFO | ------------------------------------------------------------
2025-10-10 08:52:39,712 | INFO | === LODO: Leaving out domain 'Caltech101' ===
2025-10-10 08:53:36,308 | INFO | [Caltech101] Epoch 1/5 | Train - Loss: 0.7409, Cls: 0.7300, GRQO: 0.0108, Acc: 0.7220 | Val - Loss: 0.1560, Cls: 0.1534, GRQO: 0.0026, Acc: 0.9753
2025-10-10 08:53:36,356 | INFO | [Caltech101] New best val acc: 0.9753
2025-10-10 08:54:32,924 | INFO | [Caltech101] Epoch 2/5 | Train - Loss: 0.4406, Cls: 0.4371, GRQO: 0.0035, Acc: 0.8407 | Val - Loss: 0.1133, Cls: 0.1120, GRQO: 0.0014, Acc: 0.9809
2025-10-10 08:54:32,970 | INFO | [Caltech101] New best val acc: 0.9809
2025-10-10 08:55:29,667 | INFO | [Caltech101] Epoch 3/5 | Train - Loss: 0.3016, Cls: 0.2988, GRQO: 0.0028, Acc: 0.8968 | Val - Loss: 0.0967, Cls: 0.0959, GRQO: 0.0008, Acc: 0.9753
2025-10-10 08:56:26,085 | INFO | [Caltech101] Epoch 4/5 | Train - Loss: 0.1960, Cls: 0.1937, GRQO: 0.0024, Acc: 0.9382 | Val - Loss: 0.1590, Cls: 0.1583, GRQO: 0.0007, Acc: 0.9449
2025-10-10 08:57:22,592 | INFO | [Caltech101] Epoch 5/5 | Train - Loss: 0.1347, Cls: 0.1326, GRQO: 0.0021, Acc: 0.9587 | Val - Loss: 0.0829, Cls: 0.0825, GRQO: 0.0004, Acc: 0.9717
2025-10-10 08:57:22,592 | INFO | [Caltech101] Best Acc: 0.9809
2025-10-10 08:57:22,592 | INFO | ------------------------------------------------------------
2025-10-10 08:57:24,747 | INFO | === LODO: Leaving out domain 'SUN09' ===
2025-10-10 08:58:25,082 | INFO | [SUN09] Epoch 1/5 | Train - Loss: 0.7064, Cls: 0.6910, GRQO: 0.0155, Acc: 0.7371 | Val - Loss: 0.7689, Cls: 0.7666, GRQO: 0.0024, Acc: 0.6935
2025-10-10 08:58:25,133 | INFO | [SUN09] New best val acc: 0.6935
2025-10-10 08:59:25,091 | INFO | [SUN09] Epoch 2/5 | Train - Loss: 0.3776, Cls: 0.3738, GRQO: 0.0038, Acc: 0.8648 | Val - Loss: 0.6906, Cls: 0.6890, GRQO: 0.0016, Acc: 0.7428
2025-10-10 08:59:25,146 | INFO | [SUN09] New best val acc: 0.7428
2025-10-10 09:00:25,640 | INFO | [SUN09] Epoch 3/5 | Train - Loss: 0.2541, Cls: 0.2510, GRQO: 0.0031, Acc: 0.9112 | Val - Loss: 0.7010, Cls: 0.6998, GRQO: 0.0012, Acc: 0.7556
2025-10-10 09:00:25,684 | INFO | [SUN09] New best val acc: 0.7556
2025-10-10 09:01:25,807 | INFO | [SUN09] Epoch 4/5 | Train - Loss: 0.1562, Cls: 0.1535, GRQO: 0.0026, Acc: 0.9514 | Val - Loss: 0.7539, Cls: 0.7530, GRQO: 0.0009, Acc: 0.7751
2025-10-10 09:01:25,864 | INFO | [SUN09] New best val acc: 0.7751
2025-10-10 09:02:25,991 | INFO | [SUN09] Epoch 5/5 | Train - Loss: 0.0870, Cls: 0.0846, GRQO: 0.0023, Acc: 0.9752 | Val - Loss: 0.9743, Cls: 0.9736, GRQO: 0.0007, Acc: 0.7413
2025-10-10 09:02:25,991 | INFO | [SUN09] Best Acc: 0.7751
2025-10-10 09:02:25,991 | INFO | ------------------------------------------------------------
2025-10-10 09:02:25,991 | INFO | LODO finished | Mean Acc: 0.8049 | Summary saved to c:\Users\Fatim_Sproj\Desktop\Fatim\Spring 2025\sproj\Visual-Reasoning\Vit-GRQO\vit-tiny\VLCS\logs\lodo_summary_20251010_090225.json
2025-10-10 09:02:26,026 | INFO | Initializing ViT baseline: WinKawaks/vit-tiny-patch16-224
2025-10-10 09:02:26,809 | INFO | === Baseline LODO: Leaving out domain 'VOC2007' ===
2025-10-10 09:03:13,528 | INFO | [VOC2007] Epoch 1/5 | Train - Loss: 0.5627, Acc: 0.7850 | Val Acc: 0.8027
2025-10-10 09:03:59,958 | INFO | [VOC2007] Epoch 2/5 | Train - Loss: 0.2946, Acc: 0.8980 | Val Acc: 0.8001
2025-10-10 09:04:46,340 | INFO | [VOC2007] Epoch 3/5 | Train - Loss: 0.1577, Acc: 0.9490 | Val Acc: 0.7941
2025-10-10 09:05:32,876 | INFO | [VOC2007] Epoch 4/5 | Train - Loss: 0.0579, Acc: 0.9830 | Val Acc: 0.7983
2025-10-10 09:06:19,457 | INFO | [VOC2007] Epoch 5/5 | Train - Loss: 0.0246, Acc: 0.9937 | Val Acc: 0.7645
2025-10-10 09:06:19,457 | INFO | [VOC2007] Best Val Acc: 0.8027
2025-10-10 09:06:19,457 | INFO | ------------------------------------------------------------
2025-10-10 09:06:19,457 | INFO | Initializing ViT baseline: WinKawaks/vit-tiny-patch16-224
2025-10-10 09:06:20,142 | INFO | === Baseline LODO: Leaving out domain 'LabelMe' ===
2025-10-10 09:07:14,633 | INFO | [LabelMe] Epoch 1/5 | Train - Loss: 0.4921, Acc: 0.8214 | Val Acc: 0.6525
2025-10-10 09:08:09,441 | INFO | [LabelMe] Epoch 2/5 | Train - Loss: 0.1861, Acc: 0.9373 | Val Acc: 0.6404
2025-10-10 09:09:03,843 | INFO | [LabelMe] Epoch 3/5 | Train - Loss: 0.0984, Acc: 0.9700 | Val Acc: 0.6803
2025-10-10 09:09:58,235 | INFO | [LabelMe] Epoch 4/5 | Train - Loss: 0.0277, Acc: 0.9936 | Val Acc: 0.6691
2025-10-10 09:10:53,023 | INFO | [LabelMe] Epoch 5/5 | Train - Loss: 0.0109, Acc: 0.9984 | Val Acc: 0.6487
2025-10-10 09:10:53,024 | INFO | [LabelMe] Best Val Acc: 0.6803
2025-10-10 09:10:53,024 | INFO | ------------------------------------------------------------
2025-10-10 09:10:53,024 | INFO | Initializing ViT baseline: WinKawaks/vit-tiny-patch16-224
2025-10-10 09:10:54,068 | INFO | === Baseline LODO: Leaving out domain 'Caltech101' ===
2025-10-10 09:11:39,829 | INFO | [Caltech101] Epoch 1/5 | Train - Loss: 0.6220, Acc: 0.7645 | Val Acc: 0.9859
2025-10-10 09:12:25,406 | INFO | [Caltech101] Epoch 2/5 | Train - Loss: 0.3137, Acc: 0.8866 | Val Acc: 0.9767
2025-10-10 09:13:11,228 | INFO | [Caltech101] Epoch 3/5 | Train - Loss: 0.1605, Acc: 0.9465 | Val Acc: 0.9866
2025-10-10 09:13:56,620 | INFO | [Caltech101] Epoch 4/5 | Train - Loss: 0.0611, Acc: 0.9821 | Val Acc: 0.9802
2025-10-10 09:14:42,026 | INFO | [Caltech101] Epoch 5/5 | Train - Loss: 0.0306, Acc: 0.9918 | Val Acc: 0.9802
2025-10-10 09:14:42,027 | INFO | [Caltech101] Best Val Acc: 0.9866
2025-10-10 09:14:42,027 | INFO | ------------------------------------------------------------
2025-10-10 09:14:42,027 | INFO | Initializing ViT baseline: WinKawaks/vit-tiny-patch16-224
2025-10-10 09:14:42,689 | INFO | === Baseline LODO: Leaving out domain 'SUN09' ===
2025-10-10 09:15:28,173 | INFO | [SUN09] Epoch 1/5 | Train - Loss: 0.5781, Acc: 0.7830 | Val Acc: 0.7233
2025-10-10 09:16:13,706 | INFO | [SUN09] Epoch 2/5 | Train - Loss: 0.2651, Acc: 0.9060 | Val Acc: 0.7562
2025-10-10 09:16:59,289 | INFO | [SUN09] Epoch 3/5 | Train - Loss: 0.1316, Acc: 0.9570 | Val Acc: 0.7239
2025-10-10 09:17:45,091 | INFO | [SUN09] Epoch 4/5 | Train - Loss: 0.0521, Acc: 0.9852 | Val Acc: 0.7465
2025-10-10 09:18:30,289 | INFO | [SUN09] Epoch 5/5 | Train - Loss: 0.0144, Acc: 0.9976 | Val Acc: 0.7690
2025-10-10 09:18:30,289 | INFO | [SUN09] Best Val Acc: 0.7690
2025-10-10 09:18:30,289 | INFO | ------------------------------------------------------------
2025-10-10 09:18:30,289 | INFO | Baseline LODO (WinKawaks/vit-tiny-patch16-224) finished | Mean Acc: 0.8097
