2025-10-10 07:23:05,174 | INFO | Initialized experiment directories for VLCS
2025-10-10 07:23:05,174 | INFO | Logs: c:\Users\Fatim_Sproj\Desktop\Fatim\Spring 2025\sproj\Visual-Reasoning\Vit-GRQO\resnet\VLCS\logs
2025-10-10 07:23:05,174 | INFO | Checkpoints: c:\Users\Fatim_Sproj\Desktop\Fatim\Spring 2025\sproj\Visual-Reasoning\Vit-GRQO\resnet\VLCS\checkpoints
2025-10-10 07:23:05,174 | INFO | Plots: c:\Users\Fatim_Sproj\Desktop\Fatim\Spring 2025\sproj\Visual-Reasoning\Vit-GRQO\resnet\VLCS\plots
2025-10-10 07:23:05,473 | INFO | === LODO: Leaving out domain 'VOC2007' ===
2025-10-10 07:23:49,470 | INFO | [VOC2007] Epoch 1/5 | Train - Loss: 0.6993, Cls: 0.6900, GRQO: 0.0093, Acc: 0.7242 | Val - Loss: 0.7433, Cls: 0.7421, GRQO: 0.0012, Acc: 0.7171
2025-10-10 07:23:49,543 | INFO | [VOC2007] New best val acc: 0.7171
2025-10-10 07:24:31,971 | INFO | [VOC2007] Epoch 2/5 | Train - Loss: 0.3640, Cls: 0.3615, GRQO: 0.0025, Acc: 0.8681 | Val - Loss: 0.7022, Cls: 0.7014, GRQO: 0.0009, Acc: 0.7482
2025-10-10 07:24:32,083 | INFO | [VOC2007] New best val acc: 0.7482
2025-10-10 07:25:14,591 | INFO | [VOC2007] Epoch 3/5 | Train - Loss: 0.1808, Cls: 0.1783, GRQO: 0.0024, Acc: 0.9433 | Val - Loss: 0.9889, Cls: 0.9879, GRQO: 0.0010, Acc: 0.7041
2025-10-10 07:26:08,205 | INFO | [VOC2007] Epoch 4/5 | Train - Loss: 0.0625, Cls: 0.0602, GRQO: 0.0022, Acc: 0.9818 | Val - Loss: 1.2464, Cls: 1.2460, GRQO: 0.0004, Acc: 0.7121
2025-10-10 07:27:03,126 | INFO | [VOC2007] Epoch 5/5 | Train - Loss: 0.0285, Cls: 0.0265, GRQO: 0.0020, Acc: 0.9922 | Val - Loss: 1.3000, Cls: 1.2997, GRQO: 0.0004, Acc: 0.7222
2025-10-10 07:27:03,126 | INFO | [VOC2007] Best Acc: 0.7482
2025-10-10 07:27:03,126 | INFO | ------------------------------------------------------------
2025-10-10 07:27:03,258 | INFO | === LODO: Leaving out domain 'LabelMe' ===
2025-10-10 07:27:52,352 | INFO | [LabelMe] Epoch 1/5 | Train - Loss: 0.6260, Cls: 0.6187, GRQO: 0.0074, Acc: 0.7703 | Val - Loss: 1.3284, Cls: 1.3274, GRQO: 0.0011, Acc: 0.6103
2025-10-10 07:27:52,423 | INFO | [LabelMe] New best val acc: 0.6103
2025-10-10 07:28:41,112 | INFO | [LabelMe] Epoch 2/5 | Train - Loss: 0.2708, Cls: 0.2684, GRQO: 0.0024, Acc: 0.9046 | Val - Loss: 1.6066, Cls: 1.6059, GRQO: 0.0007, Acc: 0.6687
2025-10-10 07:28:41,175 | INFO | [LabelMe] New best val acc: 0.6687
2025-10-10 07:29:31,441 | INFO | [LabelMe] Epoch 3/5 | Train - Loss: 0.1227, Cls: 0.1205, GRQO: 0.0022, Acc: 0.9623 | Val - Loss: 2.1604, Cls: 2.1598, GRQO: 0.0005, Acc: 0.6593
2025-10-10 07:35:06,058 | INFO | [LabelMe] Epoch 4/5 | Train - Loss: 0.0704, Cls: 0.0685, GRQO: 0.0019, Acc: 0.9750 | Val - Loss: 2.8370, Cls: 2.8366, GRQO: 0.0005, Acc: 0.6273
2025-10-10 07:37:24,937 | INFO | [LabelMe] Epoch 5/5 | Train - Loss: 0.0472, Cls: 0.0453, GRQO: 0.0019, Acc: 0.9870 | Val - Loss: 2.7332, Cls: 2.7328, GRQO: 0.0005, Acc: 0.6468
2025-10-10 07:37:24,937 | INFO | [LabelMe] Best Acc: 0.6687
2025-10-10 07:37:24,937 | INFO | ------------------------------------------------------------
2025-10-10 07:37:25,063 | INFO | === LODO: Leaving out domain 'Caltech101' ===
2025-10-10 07:39:59,581 | INFO | [Caltech101] Epoch 1/5 | Train - Loss: 0.7364, Cls: 0.7296, GRQO: 0.0068, Acc: 0.7282 | Val - Loss: 0.1818, Cls: 0.1805, GRQO: 0.0013, Acc: 0.9717
2025-10-10 07:39:59,647 | INFO | [Caltech101] New best val acc: 0.9717
2025-10-10 07:42:38,233 | INFO | [Caltech101] Epoch 2/5 | Train - Loss: 0.3973, Cls: 0.3951, GRQO: 0.0023, Acc: 0.8545 | Val - Loss: 0.1595, Cls: 0.1586, GRQO: 0.0009, Acc: 0.9583
2025-10-10 07:45:17,425 | INFO | [Caltech101] Epoch 3/5 | Train - Loss: 0.1768, Cls: 0.1748, GRQO: 0.0020, Acc: 0.9450 | Val - Loss: 0.1200, Cls: 0.1194, GRQO: 0.0006, Acc: 0.9618
2025-10-10 07:47:53,819 | INFO | [Caltech101] Epoch 4/5 | Train - Loss: 0.0639, Cls: 0.0620, GRQO: 0.0019, Acc: 0.9781 | Val - Loss: 0.1754, Cls: 0.1751, GRQO: 0.0003, Acc: 0.9399
2025-10-10 07:50:30,435 | INFO | [Caltech101] Epoch 5/5 | Train - Loss: 0.0323, Cls: 0.0307, GRQO: 0.0017, Acc: 0.9896 | Val - Loss: 0.3274, Cls: 0.3272, GRQO: 0.0003, Acc: 0.9265
2025-10-10 07:50:30,435 | INFO | [Caltech101] Best Acc: 0.9717
2025-10-10 07:50:30,435 | INFO | ------------------------------------------------------------
2025-10-10 07:50:30,571 | INFO | === LODO: Leaving out domain 'SUN09' ===
2025-10-10 07:53:15,951 | INFO | [SUN09] Epoch 1/5 | Train - Loss: 0.6566, Cls: 0.6487, GRQO: 0.0079, Acc: 0.7596 | Val - Loss: 0.7456, Cls: 0.7442, GRQO: 0.0013, Acc: 0.6898
2025-10-10 07:53:16,022 | INFO | [SUN09] New best val acc: 0.6898
2025-10-10 07:55:58,518 | INFO | [SUN09] Epoch 2/5 | Train - Loss: 0.3263, Cls: 0.3240, GRQO: 0.0023, Acc: 0.8834 | Val - Loss: 0.9257, Cls: 0.9248, GRQO: 0.0009, Acc: 0.6353
2025-10-10 07:58:44,017 | INFO | [SUN09] Epoch 3/5 | Train - Loss: 0.1689, Cls: 0.1668, GRQO: 0.0021, Acc: 0.9421 | Val - Loss: 0.9452, Cls: 0.9440, GRQO: 0.0012, Acc: 0.7127
2025-10-10 07:58:44,090 | INFO | [SUN09] New best val acc: 0.7127
2025-10-10 08:01:29,533 | INFO | [SUN09] Epoch 4/5 | Train - Loss: 0.0539, Cls: 0.0520, GRQO: 0.0020, Acc: 0.9831 | Val - Loss: 1.2495, Cls: 1.2488, GRQO: 0.0007, Acc: 0.6801
2025-10-10 08:04:15,318 | INFO | [SUN09] Epoch 5/5 | Train - Loss: 0.0231, Cls: 0.0213, GRQO: 0.0018, Acc: 0.9936 | Val - Loss: 1.5497, Cls: 1.5493, GRQO: 0.0005, Acc: 0.6843
2025-10-10 08:04:15,318 | INFO | [SUN09] Best Acc: 0.7127
2025-10-10 08:04:15,318 | INFO | ------------------------------------------------------------
2025-10-10 08:04:15,318 | INFO | LODO finished | Mean Acc: 0.7753 | Summary saved to c:\Users\Fatim_Sproj\Desktop\Fatim\Spring 2025\sproj\Visual-Reasoning\Vit-GRQO\resnet\VLCS\logs\lodo_summary_20251010_080415.json
2025-10-10 08:04:15,336 | INFO | Initializing ResNet baseline: resnet18
2025-10-10 08:04:15,428 | INFO | === Baseline LODO: Leaving out domain 'VOC2007' ===
2025-10-10 08:05:57,766 | INFO | [VOC2007] Epoch 1/5 | Train - Loss: 0.6753, Acc: 0.7489 | Val Acc: 0.7441
2025-10-10 08:07:39,027 | INFO | [VOC2007] Epoch 2/5 | Train - Loss: 0.2813, Acc: 0.9056 | Val Acc: 0.7586
2025-10-10 08:09:16,605 | INFO | [VOC2007] Epoch 3/5 | Train - Loss: 0.1013, Acc: 0.9765 | Val Acc: 0.7281
2025-10-10 08:10:54,542 | INFO | [VOC2007] Epoch 4/5 | Train - Loss: 0.0305, Acc: 0.9956 | Val Acc: 0.7340
2025-10-10 08:12:32,749 | INFO | [VOC2007] Epoch 5/5 | Train - Loss: 0.0108, Acc: 0.9993 | Val Acc: 0.7346
2025-10-10 08:12:32,749 | INFO | [VOC2007] Best Val Acc: 0.7586
2025-10-10 08:12:32,749 | INFO | ------------------------------------------------------------
2025-10-10 08:12:32,749 | INFO | Initializing ResNet baseline: resnet18
2025-10-10 08:12:32,832 | INFO | === Baseline LODO: Leaving out domain 'LabelMe' ===
2025-10-10 08:14:30,450 | INFO | [LabelMe] Epoch 1/5 | Train - Loss: 0.5855, Acc: 0.7863 | Val Acc: 0.6352
2025-10-10 08:16:30,157 | INFO | [LabelMe] Epoch 2/5 | Train - Loss: 0.2133, Acc: 0.9296 | Val Acc: 0.6299
2025-10-10 08:18:27,930 | INFO | [LabelMe] Epoch 3/5 | Train - Loss: 0.0922, Acc: 0.9771 | Val Acc: 0.6679
2025-10-10 08:20:24,920 | INFO | [LabelMe] Epoch 4/5 | Train - Loss: 0.0418, Acc: 0.9921 | Val Acc: 0.6397
2025-10-10 08:22:22,392 | INFO | [LabelMe] Epoch 5/5 | Train - Loss: 0.0171, Acc: 0.9984 | Val Acc: 0.6367
2025-10-10 08:22:22,392 | INFO | [LabelMe] Best Val Acc: 0.6679
2025-10-10 08:22:22,392 | INFO | ------------------------------------------------------------
2025-10-10 08:22:22,392 | INFO | Initializing ResNet baseline: resnet18
2025-10-10 08:22:22,492 | INFO | === Baseline LODO: Leaving out domain 'Caltech101' ===
2025-10-10 08:24:21,553 | INFO | [Caltech101] Epoch 1/5 | Train - Loss: 0.6883, Acc: 0.7488 | Val Acc: 0.9682
2025-10-10 08:26:18,914 | INFO | [Caltech101] Epoch 2/5 | Train - Loss: 0.2993, Acc: 0.8968 | Val Acc: 0.9753
2025-10-10 08:28:13,688 | INFO | [Caltech101] Epoch 3/5 | Train - Loss: 0.1009, Acc: 0.9775 | Val Acc: 0.9449
2025-10-10 08:30:08,572 | INFO | [Caltech101] Epoch 4/5 | Train - Loss: 0.0253, Acc: 0.9972 | Val Acc: 0.9449
2025-10-10 08:32:07,820 | INFO | [Caltech101] Epoch 5/5 | Train - Loss: 0.0089, Acc: 0.9996 | Val Acc: 0.9555
2025-10-10 08:32:07,822 | INFO | [Caltech101] Best Val Acc: 0.9753
2025-10-10 08:32:07,822 | INFO | ------------------------------------------------------------
2025-10-10 08:32:07,823 | INFO | Initializing ResNet baseline: resnet18
2025-10-10 08:32:07,911 | INFO | === Baseline LODO: Leaving out domain 'SUN09' ===
2025-10-10 08:33:44,458 | INFO | [SUN09] Epoch 1/5 | Train - Loss: 0.6227, Acc: 0.7741 | Val Acc: 0.7005
2025-10-10 08:35:25,694 | INFO | [SUN09] Epoch 2/5 | Train - Loss: 0.2735, Acc: 0.9026 | Val Acc: 0.7087
2025-10-10 08:37:03,569 | INFO | [SUN09] Epoch 3/5 | Train - Loss: 0.1170, Acc: 0.9694 | Val Acc: 0.6840
2025-10-10 08:38:38,726 | INFO | [SUN09] Epoch 4/5 | Train - Loss: 0.0353, Acc: 0.9946 | Val Acc: 0.7252
2025-10-10 08:40:16,789 | INFO | [SUN09] Epoch 5/5 | Train - Loss: 0.0116, Acc: 0.9995 | Val Acc: 0.7148
2025-10-10 08:40:16,790 | INFO | [SUN09] Best Val Acc: 0.7252
2025-10-10 08:40:16,790 | INFO | ------------------------------------------------------------
2025-10-10 08:40:16,791 | INFO | Baseline LODO (resnet18) finished | Mean Acc: 0.7817
