2025-10-11 04:08:26,518 | INFO | Initialized experiment directories for TerraIncognita
2025-10-11 04:08:26,518 | INFO | Logs: c:\Users\Fatim_Sproj\Desktop\Fatim\Spring 2025\sproj\Visual-Reasoning\Vit-GRQO\resnet\TerraIncognita\logs
2025-10-11 04:08:26,518 | INFO | Checkpoints: c:\Users\Fatim_Sproj\Desktop\Fatim\Spring 2025\sproj\Visual-Reasoning\Vit-GRQO\resnet\TerraIncognita\checkpoints
2025-10-11 04:08:26,518 | INFO | Plots: c:\Users\Fatim_Sproj\Desktop\Fatim\Spring 2025\sproj\Visual-Reasoning\Vit-GRQO\resnet\TerraIncognita\plots
2025-10-11 04:08:47,132 | INFO | === LODO: Leaving out domain 'location_38' ===
2025-10-11 04:09:35,564 | INFO | [location_38] Epoch 1/5 | Train - Loss: 1.0298, Cls: 1.0237, GRQO: 0.0061, Acc: 0.6404 | Val - Loss: 2.0119, Cls: 2.0108, GRQO: 0.0011, Acc: 0.3785
2025-10-11 04:09:35,630 | INFO | [location_38] New best val acc: 0.3785
2025-10-11 04:10:23,348 | INFO | [location_38] Epoch 2/5 | Train - Loss: 0.4268, Cls: 0.4243, GRQO: 0.0026, Acc: 0.8572 | Val - Loss: 3.6643, Cls: 3.6637, GRQO: 0.0006, Acc: 0.1862
2025-10-11 04:11:10,881 | INFO | [location_38] Epoch 3/5 | Train - Loss: 0.2234, Cls: 0.2212, GRQO: 0.0022, Acc: 0.9267 | Val - Loss: 3.3056, Cls: 3.3051, GRQO: 0.0005, Acc: 0.2626
2025-10-11 04:11:58,847 | INFO | [location_38] Epoch 4/5 | Train - Loss: 0.1303, Cls: 0.1283, GRQO: 0.0019, Acc: 0.9585 | Val - Loss: 4.2991, Cls: 4.2987, GRQO: 0.0004, Acc: 0.2341
2025-10-11 04:12:46,798 | INFO | [location_38] Epoch 5/5 | Train - Loss: 0.1097, Cls: 0.1079, GRQO: 0.0018, Acc: 0.9638 | Val - Loss: 3.2334, Cls: 3.2330, GRQO: 0.0004, Acc: 0.3710
2025-10-11 04:12:46,798 | INFO | [location_38] Best Acc: 0.3785
2025-10-11 04:12:46,798 | INFO | ------------------------------------------------------------
2025-10-11 04:12:46,914 | INFO | === LODO: Leaving out domain 'location_43' ===
2025-10-11 04:13:35,514 | INFO | [location_43] Epoch 1/5 | Train - Loss: 0.8667, Cls: 0.8613, GRQO: 0.0053, Acc: 0.6966 | Val - Loss: 1.6548, Cls: 1.6538, GRQO: 0.0010, Acc: 0.4164
2025-10-11 04:13:35,591 | INFO | [location_43] New best val acc: 0.4164
2025-10-11 04:14:23,264 | INFO | [location_43] Epoch 2/5 | Train - Loss: 0.3525, Cls: 0.3502, GRQO: 0.0023, Acc: 0.8819 | Val - Loss: 1.8119, Cls: 1.8114, GRQO: 0.0005, Acc: 0.4438
2025-10-11 04:14:23,329 | INFO | [location_43] New best val acc: 0.4438
2025-10-11 04:15:11,431 | INFO | [location_43] Epoch 3/5 | Train - Loss: 0.1714, Cls: 0.1696, GRQO: 0.0018, Acc: 0.9428 | Val - Loss: 1.9449, Cls: 1.9446, GRQO: 0.0004, Acc: 0.4734
2025-10-11 04:15:11,498 | INFO | [location_43] New best val acc: 0.4734
2025-10-11 04:15:59,537 | INFO | [location_43] Epoch 4/5 | Train - Loss: 0.1101, Cls: 0.1085, GRQO: 0.0015, Acc: 0.9651 | Val - Loss: 2.3192, Cls: 2.3188, GRQO: 0.0004, Acc: 0.4475
2025-10-11 04:16:47,565 | INFO | [location_43] Epoch 5/5 | Train - Loss: 0.0857, Cls: 0.0843, GRQO: 0.0014, Acc: 0.9729 | Val - Loss: 2.2816, Cls: 2.2811, GRQO: 0.0005, Acc: 0.4363
2025-10-11 04:16:47,565 | INFO | [location_43] Best Acc: 0.4734
2025-10-11 04:16:47,565 | INFO | ------------------------------------------------------------
2025-10-11 04:16:47,680 | INFO | === LODO: Leaving out domain 'location_46' ===
2025-10-11 04:17:35,864 | INFO | [location_46] Epoch 1/5 | Train - Loss: 0.8570, Cls: 0.8513, GRQO: 0.0058, Acc: 0.7060 | Val - Loss: 2.7175, Cls: 2.7165, GRQO: 0.0010, Acc: 0.2769
2025-10-11 04:17:35,935 | INFO | [location_46] New best val acc: 0.2769
2025-10-11 04:18:23,947 | INFO | [location_46] Epoch 2/5 | Train - Loss: 0.2944, Cls: 0.2920, GRQO: 0.0024, Acc: 0.9052 | Val - Loss: 2.5788, Cls: 2.5781, GRQO: 0.0007, Acc: 0.3226
2025-10-11 04:18:24,024 | INFO | [location_46] New best val acc: 0.3226
2025-10-11 04:19:11,919 | INFO | [location_46] Epoch 3/5 | Train - Loss: 0.1360, Cls: 0.1341, GRQO: 0.0019, Acc: 0.9561 | Val - Loss: 3.4212, Cls: 3.4207, GRQO: 0.0006, Acc: 0.2996
2025-10-11 04:19:59,423 | INFO | [location_46] Epoch 4/5 | Train - Loss: 0.0834, Cls: 0.0818, GRQO: 0.0016, Acc: 0.9735 | Val - Loss: 3.3676, Cls: 3.3672, GRQO: 0.0004, Acc: 0.3133
2025-10-11 04:20:47,146 | INFO | [location_46] Epoch 5/5 | Train - Loss: 0.0648, Cls: 0.0634, GRQO: 0.0014, Acc: 0.9802 | Val - Loss: 3.0067, Cls: 3.0063, GRQO: 0.0004, Acc: 0.3451
2025-10-11 04:20:47,224 | INFO | [location_46] New best val acc: 0.3451
2025-10-11 04:20:47,224 | INFO | [location_46] Best Acc: 0.3451
2025-10-11 04:20:47,224 | INFO | ------------------------------------------------------------
2025-10-11 04:20:47,343 | INFO | === LODO: Leaving out domain 'location_100' ===
2025-10-11 04:21:38,076 | INFO | [location_100] Epoch 1/5 | Train - Loss: 0.9604, Cls: 0.9563, GRQO: 0.0041, Acc: 0.6647 | Val - Loss: 1.7643, Cls: 1.7635, GRQO: 0.0007, Acc: 0.4302
2025-10-11 04:21:38,146 | INFO | [location_100] New best val acc: 0.4302
2025-10-11 04:22:26,580 | INFO | [location_100] Epoch 2/5 | Train - Loss: 0.3807, Cls: 0.3783, GRQO: 0.0023, Acc: 0.8741 | Val - Loss: 2.3025, Cls: 2.3018, GRQO: 0.0007, Acc: 0.4036
2025-10-11 04:23:14,703 | INFO | [location_100] Epoch 3/5 | Train - Loss: 0.1976, Cls: 0.1956, GRQO: 0.0020, Acc: 0.9344 | Val - Loss: 2.1218, Cls: 2.1213, GRQO: 0.0005, Acc: 0.5001
2025-10-11 04:23:14,773 | INFO | [location_100] New best val acc: 0.5001
2025-10-11 04:24:02,663 | INFO | [location_100] Epoch 4/5 | Train - Loss: 0.1298, Cls: 0.1281, GRQO: 0.0017, Acc: 0.9579 | Val - Loss: 2.6894, Cls: 2.6892, GRQO: 0.0002, Acc: 0.4765
2025-10-11 04:24:50,913 | INFO | [location_100] Epoch 5/5 | Train - Loss: 0.0854, Cls: 0.0840, GRQO: 0.0014, Acc: 0.9726 | Val - Loss: 4.2394, Cls: 4.2393, GRQO: 0.0001, Acc: 0.3087
2025-10-11 04:24:50,913 | INFO | [location_100] Best Acc: 0.5001
2025-10-11 04:24:50,913 | INFO | ------------------------------------------------------------
2025-10-11 04:24:50,929 | INFO | LODO finished | Mean Acc: 0.4243 | Summary saved to c:\Users\Fatim_Sproj\Desktop\Fatim\Spring 2025\sproj\Visual-Reasoning\Vit-GRQO\resnet\TerraIncognita\logs\lodo_summary_20251011_042450.json
2025-10-11 04:24:50,948 | INFO | Initializing ResNet baseline: resnet18
2025-10-11 04:24:51,039 | INFO | === Baseline LODO: Leaving out domain 'location_38' ===
2025-10-11 04:25:38,079 | INFO | [location_38] Epoch 1/5 | Train - Loss: 0.8364, Acc: 0.7182 | Val Acc: 0.2226
2025-10-11 04:26:25,651 | INFO | [location_38] Epoch 2/5 | Train - Loss: 0.2685, Acc: 0.9153 | Val Acc: 0.3980
2025-10-11 04:27:15,709 | INFO | [location_38] Epoch 3/5 | Train - Loss: 0.1182, Acc: 0.9651 | Val Acc: 0.2681
2025-10-11 04:28:03,092 | INFO | [location_38] Epoch 4/5 | Train - Loss: 0.0633, Acc: 0.9814 | Val Acc: 0.3135
2025-10-11 04:29:03,819 | INFO | [location_38] Epoch 5/5 | Train - Loss: 0.0392, Acc: 0.9889 | Val Acc: 0.3646
2025-10-11 04:29:03,829 | INFO | [location_38] Best Val Acc: 0.3980
2025-10-11 04:29:03,830 | INFO | ------------------------------------------------------------
2025-10-11 04:29:03,831 | INFO | Initializing ResNet baseline: resnet18
2025-10-11 04:29:04,026 | INFO | === Baseline LODO: Leaving out domain 'location_43' ===
2025-10-11 04:29:59,199 | INFO | [location_43] Epoch 1/5 | Train - Loss: 0.7189, Acc: 0.7612 | Val Acc: 0.4229
2025-10-11 04:30:47,459 | INFO | [location_43] Epoch 2/5 | Train - Loss: 0.2269, Acc: 0.9290 | Val Acc: 0.4592
2025-10-11 04:31:36,521 | INFO | [location_43] Epoch 3/5 | Train - Loss: 0.0992, Acc: 0.9699 | Val Acc: 0.4542
2025-10-11 04:32:24,974 | INFO | [location_43] Epoch 4/5 | Train - Loss: 0.0552, Acc: 0.9836 | Val Acc: 0.4878
2025-10-11 04:33:28,462 | INFO | [location_43] Epoch 5/5 | Train - Loss: 0.0352, Acc: 0.9900 | Val Acc: 0.4714
2025-10-11 04:33:28,477 | INFO | [location_43] Best Val Acc: 0.4878
2025-10-11 04:33:28,478 | INFO | ------------------------------------------------------------
2025-10-11 04:33:28,480 | INFO | Initializing ResNet baseline: resnet18
2025-10-11 04:33:28,664 | INFO | === Baseline LODO: Leaving out domain 'location_46' ===
2025-10-11 04:34:31,928 | INFO | [location_46] Epoch 1/5 | Train - Loss: 0.6574, Acc: 0.7845 | Val Acc: 0.3076
2025-10-11 04:35:19,954 | INFO | [location_46] Epoch 2/5 | Train - Loss: 0.1786, Acc: 0.9450 | Val Acc: 0.3376
2025-10-11 04:36:13,776 | INFO | [location_46] Epoch 3/5 | Train - Loss: 0.0696, Acc: 0.9796 | Val Acc: 0.3438
2025-10-11 04:37:06,761 | INFO | [location_46] Epoch 4/5 | Train - Loss: 0.0400, Acc: 0.9886 | Val Acc: 0.3654
2025-10-11 04:37:55,267 | INFO | [location_46] Epoch 5/5 | Train - Loss: 0.0254, Acc: 0.9926 | Val Acc: 0.3670
2025-10-11 04:37:55,268 | INFO | [location_46] Best Val Acc: 0.3670
2025-10-11 04:37:55,269 | INFO | ------------------------------------------------------------
2025-10-11 04:37:55,269 | INFO | Initializing ResNet baseline: resnet18
2025-10-11 04:37:55,347 | INFO | === Baseline LODO: Leaving out domain 'location_100' ===
2025-10-11 04:38:53,846 | INFO | [location_100] Epoch 1/5 | Train - Loss: 0.8088, Acc: 0.7282 | Val Acc: 0.4663
2025-10-11 04:39:44,707 | INFO | [location_100] Epoch 2/5 | Train - Loss: 0.2614, Acc: 0.9173 | Val Acc: 0.4610
2025-10-11 04:40:32,600 | INFO | [location_100] Epoch 3/5 | Train - Loss: 0.1153, Acc: 0.9658 | Val Acc: 0.4212
2025-10-11 04:41:20,459 | INFO | [location_100] Epoch 4/5 | Train - Loss: 0.0672, Acc: 0.9805 | Val Acc: 0.4423
2025-10-11 04:42:27,473 | INFO | [location_100] Epoch 5/5 | Train - Loss: 0.0391, Acc: 0.9885 | Val Acc: 0.4669
2025-10-11 04:42:27,473 | INFO | [location_100] Best Val Acc: 0.4669
2025-10-11 04:42:27,474 | INFO | ------------------------------------------------------------
2025-10-11 04:42:27,474 | INFO | Baseline LODO (resnet18) finished | Mean Acc: 0.4299
